TN:
SF:/Users/yangxiaomei/Projects/Studiosity/guppy/src/ast.js
FN:3,(anonymous_0)
FN:9,(anonymous_1)
FN:11,(anonymous_2)
FN:12,(anonymous_3)
FN:13,(anonymous_4)
FN:14,(anonymous_5)
FN:15,(anonymous_6)
FN:16,(anonymous_7)
FN:17,(anonymous_8)
FN:18,(anonymous_9)
FN:19,(anonymous_10)
FN:20,(anonymous_11)
FN:21,(anonymous_12)
FN:22,(anonymous_13)
FN:23,(anonymous_14)
FN:24,(anonymous_15)
FN:25,(anonymous_16)
FN:26,(anonymous_17)
FN:27,(anonymous_18)
FN:28,(anonymous_19)
FN:29,(anonymous_20)
FN:33,(anonymous_21)
FN:34,(anonymous_22)
FN:37,(anonymous_23)
FN:40,(anonymous_24)
FN:44,(anonymous_25)
FN:48,(anonymous_26)
FN:56,(anonymous_27)
FN:62,(anonymous_28)
FN:67,(anonymous_29)
FN:76,(anonymous_30)
FN:85,(anonymous_31)
FN:91,(anonymous_32)
FN:107,(anonymous_33)
FN:107,(anonymous_34)
FN:109,(anonymous_35)
FN:115,(anonymous_36)
FN:118,(anonymous_37)
FN:119,(anonymous_38)
FN:129,(anonymous_39)
FN:134,(anonymous_40)
FN:135,(anonymous_41)
FN:139,(anonymous_42)
FN:153,(anonymous_43)
FN:156,(anonymous_44)
FN:170,(anonymous_45)
FN:179,(anonymous_46)
FN:188,(anonymous_47)
FN:191,(anonymous_48)
FN:191,(anonymous_49)
FN:192,(anonymous_50)
FN:192,(anonymous_51)
FN:193,(anonymous_52)
FN:193,(anonymous_53)
FN:194,(anonymous_54)
FN:194,(anonymous_55)
FN:195,(anonymous_56)
FN:195,(anonymous_57)
FN:195,(anonymous_58)
FN:196,(anonymous_59)
FN:196,(anonymous_60)
FN:197,(anonymous_61)
FN:197,(anonymous_62)
FN:198,(anonymous_63)
FN:198,(anonymous_64)
FN:199,(anonymous_65)
FN:199,(anonymous_66)
FN:200,(anonymous_67)
FN:200,(anonymous_68)
FN:201,(anonymous_69)
FN:201,(anonymous_70)
FN:202,(anonymous_71)
FN:202,(anonymous_72)
FN:203,(anonymous_73)
FN:203,(anonymous_74)
FN:204,(anonymous_75)
FN:204,(anonymous_76)
FN:205,(anonymous_77)
FN:205,(anonymous_78)
FN:210,(anonymous_79)
FN:216,(anonymous_80)
FNF:81
FNH:64
FNDA:6,(anonymous_0)
FNDA:24,(anonymous_1)
FNDA:0,(anonymous_2)
FNDA:2,(anonymous_3)
FNDA:1,(anonymous_4)
FNDA:1,(anonymous_5)
FNDA:1,(anonymous_6)
FNDA:1,(anonymous_7)
FNDA:1,(anonymous_8)
FNDA:10,(anonymous_9)
FNDA:7,(anonymous_10)
FNDA:0,(anonymous_11)
FNDA:6,(anonymous_12)
FNDA:0,(anonymous_13)
FNDA:25,(anonymous_14)
FNDA:40,(anonymous_15)
FNDA:1,(anonymous_16)
FNDA:3,(anonymous_17)
FNDA:1,(anonymous_18)
FNDA:21,(anonymous_19)
FNDA:1,(anonymous_20)
FNDA:17,(anonymous_21)
FNDA:3,(anonymous_22)
FNDA:7,(anonymous_23)
FNDA:3,(anonymous_24)
FNDA:2,(anonymous_25)
FNDA:11,(anonymous_26)
FNDA:62,(anonymous_27)
FNDA:31,(anonymous_28)
FNDA:31,(anonymous_29)
FNDA:7,(anonymous_30)
FNDA:0,(anonymous_31)
FNDA:31,(anonymous_32)
FNDA:102,(anonymous_33)
FNDA:0,(anonymous_34)
FNDA:3,(anonymous_35)
FNDA:3,(anonymous_36)
FNDA:5,(anonymous_37)
FNDA:3,(anonymous_38)
FNDA:2,(anonymous_39)
FNDA:33,(anonymous_40)
FNDA:15,(anonymous_41)
FNDA:10,(anonymous_42)
FNDA:23,(anonymous_43)
FNDA:1,(anonymous_44)
FNDA:30,(anonymous_45)
FNDA:5,(anonymous_46)
FNDA:5,(anonymous_47)
FNDA:1,(anonymous_48)
FNDA:1,(anonymous_49)
FNDA:5,(anonymous_50)
FNDA:4,(anonymous_51)
FNDA:1,(anonymous_52)
FNDA:1,(anonymous_53)
FNDA:0,(anonymous_54)
FNDA:0,(anonymous_55)
FNDA:1,(anonymous_56)
FNDA:0,(anonymous_57)
FNDA:1,(anonymous_58)
FNDA:1,(anonymous_59)
FNDA:1,(anonymous_60)
FNDA:3,(anonymous_61)
FNDA:3,(anonymous_62)
FNDA:13,(anonymous_63)
FNDA:10,(anonymous_64)
FNDA:3,(anonymous_65)
FNDA:2,(anonymous_66)
FNDA:1,(anonymous_67)
FNDA:1,(anonymous_68)
FNDA:0,(anonymous_69)
FNDA:0,(anonymous_70)
FNDA:0,(anonymous_71)
FNDA:0,(anonymous_72)
FNDA:1,(anonymous_73)
FNDA:1,(anonymous_74)
FNDA:0,(anonymous_75)
FNDA:0,(anonymous_76)
FNDA:0,(anonymous_77)
FNDA:0,(anonymous_78)
FNDA:253,(anonymous_79)
FNDA:0,(anonymous_80)
DA:1,1
DA:3,1
DA:4,6
DA:5,6
DA:6,3
DA:9,1
DA:10,24
DA:11,24
DA:12,24
DA:13,24
DA:14,24
DA:15,24
DA:16,24
DA:17,24
DA:18,24
DA:19,24
DA:20,24
DA:21,24
DA:22,24
DA:23,25
DA:24,40
DA:25,24
DA:26,24
DA:27,24
DA:28,24
DA:29,24
DA:30,24
DA:33,1
DA:34,17
DA:35,3
DA:37,17
DA:38,7
DA:40,17
DA:41,3
DA:42,3
DA:44,17
DA:45,2
DA:46,2
DA:48,17
DA:49,11
DA:50,11
DA:51,11
DA:52,11
DA:53,18
DA:56,17
DA:57,62
DA:58,62
DA:59,217
DA:62,17
DA:63,31
DA:64,708
DA:67,17
DA:68,31
DA:69,31
DA:70,39
DA:71,39
DA:72,51
DA:74,31
DA:76,17
DA:77,7
DA:78,7
DA:79,7
DA:80,7
DA:81,1
DA:83,6
DA:85,17
DA:86,0
DA:87,0
DA:88,0
DA:89,0
DA:91,17
DA:92,31
DA:93,31
DA:94,31
DA:95,31
DA:96,31
DA:97,31
DA:98,31
DA:99,31
DA:100,31
DA:101,31
DA:103,17
DA:105,17
DA:106,17
DA:107,102
DA:109,17
DA:110,3
DA:111,3
DA:112,3
DA:113,3
DA:115,17
DA:116,3
DA:118,17
DA:119,17
DA:120,3
DA:121,1
DA:122,1
DA:123,1
DA:126,2
DA:129,17
DA:130,2
DA:131,2
DA:132,2
DA:134,33
DA:135,17
DA:136,15
DA:137,3
DA:139,17
DA:140,10
DA:141,10
DA:142,20
DA:144,10
DA:145,10
DA:153,17
DA:154,23
DA:156,17
DA:157,1
DA:158,1
DA:159,1
DA:161,17
DA:162,17
DA:163,17
DA:164,51
DA:166,17
DA:170,1
DA:171,30
DA:172,30
DA:173,30
DA:174,30
DA:175,25
DA:176,14
DA:179,1
DA:180,5
DA:181,5
DA:182,5
DA:183,13
DA:184,11
DA:185,5
DA:188,1
DA:189,5
DA:190,5
DA:191,5
DA:192,5
DA:193,5
DA:194,5
DA:195,5
DA:196,5
DA:197,5
DA:198,13
DA:199,5
DA:200,5
DA:201,5
DA:202,5
DA:203,5
DA:204,5
DA:205,5
DA:206,75
DA:207,5
DA:210,1
DA:211,253
DA:212,2
DA:215,251
DA:216,251
DA:217,251
DA:220,251
DA:221,251
DA:222,339
DA:223,206
DA:226,133
DA:229,251
DA:230,251
DA:231,44
DA:233,251
LF:173
LH:169
BRDA:5,0,0,3
BRDA:5,0,1,3
BRDA:5,1,0,6
BRDA:5,1,1,6
BRDA:22,2,0,0
BRDA:22,2,1,0
BRDA:59,3,0,63
BRDA:59,3,1,154
BRDA:64,4,0,31
BRDA:64,4,1,677
BRDA:71,5,0,4
BRDA:71,5,1,35
BRDA:80,6,0,1
BRDA:80,6,1,6
BRDA:80,7,0,7
BRDA:80,7,1,3
BRDA:80,7,2,2
BRDA:80,7,3,0
BRDA:93,8,0,0
BRDA:93,8,1,31
BRDA:111,9,0,1
BRDA:111,9,1,2
BRDA:111,10,0,3
BRDA:111,10,1,2
BRDA:120,11,0,1
BRDA:120,11,1,2
BRDA:136,12,0,12
BRDA:136,12,1,3
BRDA:171,13,0,0
BRDA:171,13,1,30
BRDA:173,14,0,13
BRDA:173,14,1,17
BRDA:174,15,0,16
BRDA:174,15,1,14
BRDA:174,16,0,30
BRDA:174,16,1,17
BRDA:189,17,0,5
BRDA:189,17,1,5
BRDA:195,18,0,0
BRDA:195,18,1,1
BRDA:198,19,0,0
BRDA:198,19,1,10
BRDA:198,20,0,0
BRDA:198,20,1,10
BRDA:206,21,0,75
BRDA:206,21,1,0
BRDA:211,22,0,2
BRDA:211,22,1,251
BRDA:211,23,0,253
BRDA:211,23,1,2
BRDA:216,24,0,6
BRDA:216,24,1,245
BRDA:217,25,0,0
BRDA:217,25,1,251
BRDA:222,26,0,206
BRDA:222,26,1,133
BRDA:230,27,0,207
BRDA:230,27,1,44
BRDA:231,28,0,44
BRDA:231,28,1,0
BRF:60
BRH:49
end_of_record
TN:
SF:/Users/yangxiaomei/Projects/Studiosity/guppy/src/doc.js
FN:16,(anonymous_0)
FN:28,(anonymous_1)
FN:38,(anonymous_2)
FN:45,(anonymous_3)
FN:58,(anonymous_4)
FN:68,(anonymous_5)
FN:88,(anonymous_6)
FN:92,(anonymous_7)
FN:97,(anonymous_8)
FN:102,(anonymous_9)
FN:113,(anonymous_10)
FN:157,(anonymous_11)
FN:162,(anonymous_12)
FN:173,(anonymous_13)
FN:177,(anonymous_14)
FN:191,(anonymous_15)
FN:196,(anonymous_16)
FN:217,(anonymous_17)
FN:246,(anonymous_18)
FN:273,(anonymous_19)
FN:295,(anonymous_20)
FN:366,(anonymous_21)
FNF:22
FNH:18
FNDA:221,(anonymous_0)
FNDA:847,(anonymous_1)
FNDA:235,(anonymous_2)
FNDA:214,(anonymous_3)
FNDA:3653,(anonymous_4)
FNDA:1531,(anonymous_5)
FNDA:1,(anonymous_6)
FNDA:11,(anonymous_7)
FNDA:2,(anonymous_8)
FNDA:17,(anonymous_9)
FNDA:236,(anonymous_10)
FNDA:949,(anonymous_11)
FNDA:89,(anonymous_12)
FNDA:1,(anonymous_13)
FNDA:0,(anonymous_14)
FNDA:218,(anonymous_15)
FNDA:192,(anonymous_16)
FNDA:8532,(anonymous_17)
FNDA:398,(anonymous_18)
FNDA:0,(anonymous_19)
FNDA:0,(anonymous_20)
FNDA:0,(anonymous_21)
DA:16,1
DA:17,221
DA:18,221
DA:19,3
DA:20,3
DA:21,0
DA:22,221
DA:23,0
DA:25,221
DA:28,1
DA:29,847
DA:30,847
DA:31,113
DA:32,112
DA:33,360
DA:35,846
DA:38,1
DA:39,235
DA:40,235
DA:41,318
DA:45,1
DA:46,214
DA:47,141
DA:48,141
DA:49,30
DA:58,1
DA:59,3653
DA:68,1
DA:69,1531
DA:70,1529
DA:71,1510
DA:72,1486
DA:73,1481
DA:74,1478
DA:88,1
DA:89,1
DA:92,1
DA:93,11
DA:94,11
DA:97,1
DA:98,2
DA:99,2
DA:102,1
DA:103,17
DA:104,1
DA:106,17
DA:107,17
DA:108,17
DA:109,17
DA:110,17
DA:113,1
DA:114,236
DA:115,236
DA:116,78
DA:117,78
DA:118,78
DA:119,78
DA:120,78
DA:121,57
DA:123,78
DA:124,78
DA:127,80
DA:130,158
DA:131,13
DA:132,13
DA:133,26
DA:135,13
DA:137,145
DA:138,145
DA:139,2
DA:142,143
DA:143,143
DA:144,299
DA:145,221
DA:147,78
DA:148,78
DA:151,143
DA:154,236
DA:157,1
DA:158,949
DA:159,949
DA:162,1
DA:163,89
DA:164,89
DA:173,1
DA:174,1
DA:175,1
DA:176,1
DA:177,1
DA:178,1
DA:179,1
DA:180,3
DA:181,1
DA:182,3
DA:183,1
DA:191,1
DA:192,218
DA:193,218
DA:196,1
DA:197,192
DA:198,192
DA:199,192
DA:200,25
DA:201,25
DA:202,25
DA:204,73
DA:205,25
DA:206,6
DA:208,167
DA:209,167
DA:210,167
DA:211,125
DA:212,116
DA:214,2
DA:217,1
DA:218,8532
DA:219,8532
DA:220,8532
DA:221,8532
DA:222,8532
DA:223,3626
DA:224,3471
DA:227,155
DA:230,4906
DA:231,884
DA:232,884
DA:233,884
DA:235,4022
DA:236,884
DA:237,884
DA:238,884
DA:239,884
DA:240,2880
DA:241,884
DA:242,2897
DA:243,1036
DA:244,1036
DA:245,156
DA:246,156
DA:247,398
DA:248,398
DA:250,156
DA:252,880
DA:256,3138
DA:257,398
DA:258,398
DA:259,398
DA:260,624
DA:263,2740
DA:264,2740
DA:265,4506
DA:266,2740
DA:267,53
DA:270,8532
DA:273,1
DA:274,0
DA:275,0
DA:276,0
DA:277,0
DA:278,0
DA:279,0
DA:280,0
DA:281,0
DA:282,0
DA:283,0
DA:284,0
DA:285,0
DA:286,0
DA:287,0
DA:288,0
DA:289,0
DA:290,0
DA:295,0
DA:296,0
DA:297,0
DA:298,0
DA:299,0
DA:302,0
DA:303,0
DA:305,0
DA:306,0
DA:308,0
DA:309,0
DA:310,0
DA:311,0
DA:312,0
DA:313,0
DA:314,0
DA:315,0
DA:318,0
DA:319,0
DA:320,0
DA:321,0
DA:322,0
DA:323,0
DA:325,0
DA:327,0
DA:330,0
DA:333,0
DA:335,0
DA:336,0
DA:337,0
DA:338,0
DA:339,0
DA:340,0
DA:341,0
DA:342,0
DA:344,0
DA:346,0
DA:348,0
DA:353,0
DA:354,0
DA:356,0
DA:366,1
DA:367,0
DA:368,0
DA:369,0
DA:370,0
LF:218
LH:154
BRDA:17,0,0,221
BRDA:17,0,1,218
BRDA:18,1,0,218
BRDA:18,1,1,3
BRDA:18,2,0,218
BRDA:18,2,1,106
BRDA:19,3,0,0
BRDA:19,3,1,3
BRDA:20,4,0,3
BRDA:20,4,1,0
BRDA:21,5,0,0
BRDA:21,5,1,0
BRDA:22,6,0,0
BRDA:22,6,1,221
BRDA:22,7,0,221
BRDA:22,7,1,0
BRDA:30,8,0,959
BRDA:30,8,1,860
BRDA:31,9,0,1
BRDA:31,9,1,112
BRDA:33,10,0,472
BRDA:33,10,1,374
BRDA:41,11,0,199
BRDA:41,11,1,119
BRDA:46,12,0,73
BRDA:46,12,1,141
BRDA:48,13,0,111
BRDA:48,13,1,30
BRDA:48,14,0,141
BRDA:48,14,1,141
BRDA:48,14,2,141
BRDA:69,15,0,2
BRDA:69,15,1,1529
BRDA:70,16,0,19
BRDA:70,16,1,1510
BRDA:71,17,0,24
BRDA:71,17,1,1486
BRDA:72,18,0,5
BRDA:72,18,1,1481
BRDA:73,19,0,3
BRDA:73,19,1,1478
BRDA:103,20,0,1
BRDA:103,20,1,16
BRDA:106,21,0,17
BRDA:106,21,1,3
BRDA:107,22,0,17
BRDA:107,22,1,17
BRDA:114,23,0,236
BRDA:114,23,1,52
BRDA:115,24,0,78
BRDA:115,24,1,158
BRDA:119,25,0,0
BRDA:119,25,1,78
BRDA:120,26,0,21
BRDA:120,26,1,57
BRDA:121,27,0,8
BRDA:121,27,1,49
BRDA:130,28,0,13
BRDA:130,28,1,145
BRDA:137,29,0,145
BRDA:137,29,1,0
BRDA:137,30,0,145
BRDA:137,30,1,52
BRDA:138,31,0,2
BRDA:138,31,1,143
BRDA:138,32,0,145
BRDA:138,32,1,2
BRDA:144,33,0,221
BRDA:144,33,1,78
BRDA:147,34,0,78
BRDA:147,34,1,0
BRDA:158,35,0,949
BRDA:158,35,1,6
BRDA:163,36,0,89
BRDA:163,36,1,1
BRDA:177,37,0,0
BRDA:177,37,1,1
BRDA:199,38,0,25
BRDA:199,38,1,167
BRDA:199,39,0,192
BRDA:199,39,1,25
BRDA:199,39,2,25
BRDA:204,40,0,23
BRDA:204,40,1,50
BRDA:205,41,0,19
BRDA:205,41,1,6
BRDA:205,42,0,25
BRDA:205,42,1,19
BRDA:206,43,0,4
BRDA:206,43,1,2
BRDA:206,44,0,6
BRDA:206,44,1,4
BRDA:206,44,2,4
BRDA:206,44,3,4
BRDA:206,44,4,4
BRDA:208,45,0,167
BRDA:208,45,1,0
BRDA:210,46,0,42
BRDA:210,46,1,125
BRDA:210,47,0,167
BRDA:210,47,1,42
BRDA:211,48,0,9
BRDA:211,48,1,116
BRDA:211,49,0,125
BRDA:211,49,1,116
BRDA:221,50,0,8170
BRDA:221,50,1,362
BRDA:222,51,0,3626
BRDA:222,51,1,4906
BRDA:223,52,0,3471
BRDA:223,52,1,155
BRDA:223,53,0,3626
BRDA:223,53,1,3480
BRDA:230,54,0,884
BRDA:230,54,1,4022
BRDA:231,55,0,1
BRDA:231,55,1,883
BRDA:231,56,0,884
BRDA:231,56,1,847
BRDA:232,57,0,884
BRDA:232,57,1,1
BRDA:233,58,0,884
BRDA:233,58,1,0
BRDA:235,59,0,884
BRDA:235,59,1,3138
BRDA:240,60,0,1036
BRDA:240,60,1,1844
BRDA:240,61,0,2880
BRDA:240,61,1,2000
BRDA:242,62,0,1861
BRDA:242,62,1,1036
BRDA:243,63,0,1036
BRDA:243,63,1,0
BRDA:244,64,0,156
BRDA:244,64,1,880
BRDA:247,65,0,154
BRDA:247,65,1,244
BRDA:256,66,0,398
BRDA:256,66,1,2740
BRDA:263,67,0,2740
BRDA:263,67,1,0
BRDA:263,68,0,2740
BRDA:263,68,1,1478
BRDA:266,69,0,53
BRDA:266,69,1,2687
BRDA:266,70,0,2740
BRDA:266,70,1,2631
BRDA:266,70,2,192
BRDA:275,71,0,0
BRDA:275,71,1,0
BRDA:275,72,0,0
BRDA:275,72,1,0
BRDA:278,73,0,0
BRDA:278,73,1,0
BRDA:296,74,0,0
BRDA:296,74,1,0
BRDA:299,75,0,0
BRDA:299,75,1,0
BRDA:299,75,2,0
BRDA:302,76,0,0
BRDA:302,76,1,0
BRDA:302,77,0,0
BRDA:302,77,1,0
BRDA:302,77,2,0
BRDA:312,78,0,0
BRDA:312,78,1,0
BRDA:353,79,0,0
BRDA:353,79,1,0
BRDA:354,80,0,0
BRDA:354,80,1,0
BRF:170
BRH:134
end_of_record
TN:
SF:/Users/yangxiaomei/Projects/Studiosity/guppy/src/engine.js
FN:7,(anonymous_0)
FN:8,(anonymous_1)
FN:9,(anonymous_2)
FN:20,(anonymous_3)
FN:44,(anonymous_4)
FN:48,(anonymous_5)
FN:57,(anonymous_6)
FN:66,(anonymous_7)
FN:75,(anonymous_8)
FN:87,(anonymous_9)
FN:92,(anonymous_10)
FN:97,(anonymous_11)
FN:102,(anonymous_12)
FN:115,(anonymous_13)
FN:129,(anonymous_14)
FN:133,(anonymous_15)
FN:153,(anonymous_16)
FN:157,(anonymous_17)
FN:161,(anonymous_18)
FN:176,(anonymous_19)
FN:262,(anonymous_20)
FN:276,(anonymous_21)
FN:285,(anonymous_22)
FN:303,(anonymous_23)
FN:318,(anonymous_24)
FN:322,(anonymous_25)
FN:332,(anonymous_26)
FN:439,(anonymous_27)
FN:470,(anonymous_28)
FN:482,(anonymous_29)
FN:495,(anonymous_30)
FN:504,(anonymous_31)
FN:513,(anonymous_32)
FN:535,(anonymous_33)
FN:555,(anonymous_34)
FN:571,(anonymous_35)
FN:601,(anonymous_36)
FN:615,(anonymous_37)
FN:625,(anonymous_38)
FN:655,(anonymous_39)
FN:669,(anonymous_40)
FN:694,(anonymous_41)
FN:707,(anonymous_42)
FN:732,(anonymous_43)
FN:733,(anonymous_44)
FN:734,(anonymous_45)
FN:735,(anonymous_46)
FN:736,(anonymous_47)
FN:737,(anonymous_48)
FN:738,(anonymous_49)
FN:739,(anonymous_50)
FN:747,(anonymous_51)
FN:781,(anonymous_52)
FN:852,(anonymous_53)
FN:895,(anonymous_54)
FN:921,(anonymous_55)
FN:949,(anonymous_56)
FN:970,(anonymous_57)
FN:979,(anonymous_58)
FN:996,(anonymous_59)
FN:1014,(anonymous_60)
FN:1064,(anonymous_61)
FN:1088,(anonymous_62)
FN:1103,(anonymous_63)
FN:1114,(anonymous_64)
FN:1123,(anonymous_65)
FN:1147,(anonymous_66)
FN:1156,(anonymous_67)
FN:1176,(anonymous_68)
FN:1196,(anonymous_69)
FN:1205,(anonymous_70)
FN:1210,(anonymous_71)
FN:1224,(anonymous_72)
FN:1231,(anonymous_73)
FN:1240,(anonymous_74)
FN:1254,(anonymous_75)
FN:1268,(anonymous_76)
FN:1277,(anonymous_77)
FN:1285,(anonymous_78)
FN:1292,(anonymous_79)
FN:1309,(anonymous_80)
FN:1313,(anonymous_81)
FN:1320,(anonymous_82)
FNF:83
FNH:81
FNDA:461,(anonymous_0)
FNDA:5,(anonymous_1)
FNDA:0,(anonymous_2)
FNDA:106,(anonymous_3)
FNDA:2387,(anonymous_4)
FNDA:1163,(anonymous_5)
FNDA:1529,(anonymous_6)
FNDA:110,(anonymous_7)
FNDA:124,(anonymous_8)
FNDA:8,(anonymous_9)
FNDA:2,(anonymous_10)
FNDA:4,(anonymous_11)
FNDA:1163,(anonymous_12)
FNDA:1,(anonymous_13)
FNDA:1,(anonymous_14)
FNDA:3,(anonymous_15)
FNDA:14,(anonymous_16)
FNDA:16,(anonymous_17)
FNDA:7307,(anonymous_18)
FNDA:7307,(anonymous_19)
FNDA:11296,(anonymous_20)
FNDA:15,(anonymous_21)
FNDA:74,(anonymous_22)
FNDA:6,(anonymous_23)
FNDA:102,(anonymous_24)
FNDA:0,(anonymous_25)
FNDA:102,(anonymous_26)
FNDA:16,(anonymous_27)
FNDA:279,(anonymous_28)
FNDA:461,(anonymous_29)
FNDA:1,(anonymous_30)
FNDA:3,(anonymous_31)
FNDA:2,(anonymous_32)
FNDA:4,(anonymous_33)
FNDA:2,(anonymous_34)
FNDA:9,(anonymous_35)
FNDA:4,(anonymous_36)
FNDA:214,(anonymous_37)
FNDA:13,(anonymous_38)
FNDA:1,(anonymous_39)
FNDA:10,(anonymous_40)
FNDA:19,(anonymous_41)
FNDA:7,(anonymous_42)
FNDA:1,(anonymous_43)
FNDA:2,(anonymous_44)
FNDA:5,(anonymous_45)
FNDA:1,(anonymous_46)
FNDA:1,(anonymous_47)
FNDA:5,(anonymous_48)
FNDA:3,(anonymous_49)
FNDA:1,(anonymous_50)
FNDA:2,(anonymous_51)
FNDA:19,(anonymous_52)
FNDA:1,(anonymous_53)
FNDA:1,(anonymous_54)
FNDA:1,(anonymous_55)
FNDA:50,(anonymous_56)
FNDA:2,(anonymous_57)
FNDA:17,(anonymous_58)
FNDA:2,(anonymous_59)
FNDA:6,(anonymous_60)
FNDA:3,(anonymous_61)
FNDA:8,(anonymous_62)
FNDA:3,(anonymous_63)
FNDA:1,(anonymous_64)
FNDA:1,(anonymous_65)
FNDA:4,(anonymous_66)
FNDA:1,(anonymous_67)
FNDA:3,(anonymous_68)
FNDA:3,(anonymous_69)
FNDA:1,(anonymous_70)
FNDA:831,(anonymous_71)
FNDA:6,(anonymous_72)
FNDA:6,(anonymous_73)
FNDA:7,(anonymous_74)
FNDA:2,(anonymous_75)
FNDA:3,(anonymous_76)
FNDA:1,(anonymous_77)
FNDA:1,(anonymous_78)
FNDA:1,(anonymous_79)
FNDA:1,(anonymous_80)
FNDA:102,(anonymous_81)
FNDA:459,(anonymous_82)
DA:7,461
DA:8,5
DA:9,1
DA:20,1
DA:21,106
DA:22,106
DA:23,106
DA:24,106
DA:25,106
DA:26,106
DA:27,106
DA:28,106
DA:29,106
DA:30,106
DA:31,106
DA:32,106
DA:33,106
DA:34,106
DA:35,106
DA:38,1
DA:39,1
DA:40,1
DA:41,1
DA:42,1
DA:44,1
DA:45,2387
DA:48,1
DA:49,1163
DA:57,1
DA:58,1529
DA:66,1
DA:67,110
DA:75,1
DA:76,124
DA:77,124
DA:78,124
DA:79,124
DA:80,124
DA:81,124
DA:82,124
DA:83,124
DA:84,124
DA:87,1
DA:88,8
DA:89,8
DA:92,1
DA:93,2
DA:94,2
DA:97,1
DA:98,4
DA:99,4
DA:102,1
DA:103,1163
DA:104,1163
DA:105,1163
DA:106,1163
DA:107,1163
DA:115,1
DA:116,1
DA:129,1
DA:130,1
DA:133,1
DA:134,3
DA:135,1
DA:136,1
DA:137,1
DA:139,2
DA:140,1
DA:141,1
DA:142,1
DA:143,1
DA:145,1
DA:146,1
DA:147,1
DA:148,1
DA:149,1
DA:153,1
DA:154,14
DA:157,1
DA:158,16
DA:161,1
DA:162,7307
DA:163,3471
DA:166,3836
DA:167,3836
DA:168,7644
DA:169,6443
DA:170,5599
DA:171,5234
DA:176,1
DA:177,7307
DA:178,3471
DA:179,3471
DA:181,3471
DA:182,3471
DA:183,3471
DA:184,3471
DA:185,76
DA:186,76
DA:187,19
DA:190,57
DA:192,76
DA:193,76
DA:195,3471
DA:196,3471
DA:197,3471
DA:198,1832
DA:199,675
DA:200,600
DA:201,600
DA:204,75
DA:205,75
DA:206,0
DA:208,75
DA:211,1157
DA:218,1072
DA:221,3471
DA:222,6114
DA:223,826
DA:224,826
DA:225,84
DA:227,742
DA:229,826
DA:230,10
DA:231,816
DA:232,14
DA:233,826
DA:235,5288
DA:236,24
DA:238,5264
DA:239,5
DA:240,5
DA:241,0
DA:244,5
DA:245,5
DA:247,6114
DA:249,3471
DA:250,47
DA:252,3471
DA:253,3471
DA:256,3836
DA:257,7644
DA:262,1
DA:263,11296
DA:264,3471
DA:265,3471
DA:266,3471
DA:267,3471
DA:270,7825
DA:271,13698
DA:276,1
DA:277,15
DA:278,30
DA:279,15
DA:280,30
DA:281,15
DA:285,1
DA:286,74
DA:287,74
DA:288,192
DA:290,74
DA:293,59
DA:294,59
DA:295,0
DA:296,0
DA:298,59
DA:300,15
DA:303,1
DA:304,6
DA:305,6
DA:306,6
DA:307,6
DA:308,6
DA:309,6
DA:310,6
DA:311,6
DA:312,6
DA:313,6
DA:314,6
DA:315,6
DA:318,1
DA:319,102
DA:322,1
DA:323,0
DA:332,1
DA:333,102
DA:334,102
DA:335,0
DA:337,102
DA:339,102
DA:340,102
DA:341,102
DA:342,102
DA:345,102
DA:346,25
DA:347,25
DA:348,1
DA:349,1
DA:350,1
DA:351,1
DA:352,1
DA:354,24
DA:356,24
DA:357,5
DA:358,5
DA:359,5
DA:360,5
DA:365,19
DA:366,19
DA:367,19
DA:368,19
DA:369,19
DA:370,19
DA:371,19
DA:376,102
DA:377,77
DA:378,0
DA:379,0
DA:380,0
DA:381,0
DA:382,0
DA:385,77
DA:386,77
DA:387,77
DA:402,102
DA:403,102
DA:405,102
DA:407,102
DA:409,102
DA:410,5
DA:413,97
DA:415,97
DA:416,78
DA:417,78
DA:419,97
DA:420,97
DA:421,97
DA:424,102
DA:425,102
DA:426,102
DA:427,28
DA:430,74
DA:431,74
DA:434,102
DA:435,102
DA:436,102
DA:439,1
DA:440,16
DA:441,4
DA:443,12
DA:444,12
DA:445,12
DA:447,12
DA:448,8
DA:453,4
DA:454,4
DA:455,4
DA:456,4
DA:457,4
DA:458,4
DA:459,4
DA:460,4
DA:461,4
DA:463,4
DA:464,4
DA:470,1
DA:471,279
DA:472,279
DA:473,279
DA:474,279
DA:482,1
DA:483,461
DA:484,461
DA:485,5
DA:486,5
DA:488,461
DA:489,461
DA:490,461
DA:491,461
DA:492,461
DA:493,461
DA:494,4
DA:495,4
DA:504,1
DA:505,3
DA:513,1
DA:514,2
DA:515,2
DA:516,2
DA:517,2
DA:518,2
DA:519,2
DA:520,2
DA:521,2
DA:522,2
DA:524,2
DA:525,2
DA:526,2
DA:529,0
DA:532,2
DA:535,1
DA:536,4
DA:537,0
DA:538,4
DA:539,4
DA:540,4
DA:541,4
DA:542,4
DA:543,4
DA:544,4
DA:545,4
DA:546,0
DA:547,4
DA:555,1
DA:556,2
DA:557,2
DA:558,2
DA:559,2
DA:560,2
DA:561,2
DA:562,4
DA:563,4
DA:564,4
DA:566,2
DA:567,2
DA:568,2
DA:571,1
DA:572,9
DA:573,9
DA:574,15
DA:577,9
DA:578,6
DA:579,6
DA:582,3
DA:583,3
DA:584,3
DA:585,3
DA:587,0
DA:588,3
DA:589,3
DA:590,3
DA:591,3
DA:592,3
DA:601,1
DA:602,4
DA:603,4
DA:604,4
DA:605,4
DA:606,4
DA:607,4
DA:615,1
DA:616,214
DA:617,214
DA:618,214
DA:625,1
DA:626,13
DA:627,13
DA:628,9
DA:629,9
DA:630,9
DA:631,17
DA:632,17
DA:634,9
DA:635,8
DA:636,6
DA:638,2
DA:640,1
DA:641,1
DA:642,0
DA:644,1
DA:646,9
DA:647,9
DA:648,9
DA:655,1
DA:656,1
DA:657,1
DA:658,1
DA:659,1
DA:660,1
DA:661,1
DA:669,1
DA:670,10
DA:671,5
DA:672,5
DA:674,10
DA:675,1
DA:676,1
DA:677,1
DA:678,1
DA:679,1
DA:682,0
DA:686,9
DA:687,9
DA:689,10
DA:690,0
DA:694,1
DA:695,19
DA:696,19
DA:697,8
DA:698,11
DA:699,11
DA:707,1
DA:708,7
DA:709,4
DA:710,4
DA:712,7
DA:713,0
DA:714,0
DA:715,0
DA:716,0
DA:717,0
DA:720,0
DA:724,7
DA:725,7
DA:727,7
DA:728,0
DA:732,1
DA:733,2
DA:734,5
DA:735,1
DA:736,1
DA:737,5
DA:738,3
DA:739,1
DA:747,1
DA:748,2
DA:749,2
DA:750,2
DA:752,2
DA:753,2
DA:754,2
DA:755,2
DA:756,0
DA:757,0
DA:759,2
DA:760,2
DA:761,2
DA:762,2
DA:763,2
DA:764,0
DA:765,0
DA:767,2
DA:768,2
DA:781,1
DA:782,19
DA:783,19
DA:784,19
DA:785,19
DA:786,19
DA:787,19
DA:788,29
DA:790,19
DA:794,19
DA:795,9
DA:796,9
DA:797,9
DA:798,9
DA:799,9
DA:800,0
DA:801,0
DA:803,9
DA:804,9
DA:805,9
DA:806,9
DA:807,0
DA:808,9
DA:809,9
DA:810,9
DA:811,6
DA:812,9
DA:814,9
DA:815,9
DA:816,9
DA:817,9
DA:818,9
DA:821,10
DA:822,4
DA:825,6
DA:826,6
DA:827,6
DA:828,6
DA:829,10
DA:830,10
DA:831,10
DA:835,0
DA:836,0
DA:839,10
DA:840,10
DA:841,10
DA:842,10
DA:843,0
DA:844,10
DA:845,10
DA:852,1
DA:853,1
DA:854,1
DA:855,3
DA:857,1
DA:860,1
DA:861,0
DA:862,0
DA:864,1
DA:865,1
DA:866,1
DA:868,0
DA:870,1
DA:871,1
DA:874,1
DA:875,0
DA:876,0
DA:878,1
DA:879,1
DA:880,1
DA:881,2
DA:882,0
DA:883,1
DA:884,2
DA:885,2
DA:886,2
DA:888,1
DA:895,1
DA:896,1
DA:897,1
DA:898,4
DA:900,1
DA:902,1
DA:903,1
DA:904,1
DA:906,0
DA:907,0
DA:908,0
DA:910,0
DA:912,1
DA:913,1
DA:914,1
DA:921,1
DA:922,1
DA:923,1
DA:924,3
DA:926,1
DA:927,1
DA:928,1
DA:929,1
DA:931,0
DA:932,0
DA:933,0
DA:935,0
DA:936,0
DA:937,0
DA:939,0
DA:940,0
DA:941,0
DA:942,0
DA:949,1
DA:950,50
DA:951,50
DA:952,38
DA:953,38
DA:954,37
DA:955,37
DA:958,1
DA:962,12
DA:970,1
DA:971,2
DA:972,2
DA:979,1
DA:980,17
DA:981,17
DA:982,9
DA:983,9
DA:984,8
DA:985,8
DA:988,1
DA:992,8
DA:996,1
DA:997,2
DA:998,2
DA:999,2
DA:1000,3
DA:1001,3
DA:1003,2
DA:1004,2
DA:1005,2
DA:1006,2
DA:1007,2
DA:1009,2
DA:1010,2
DA:1011,2
DA:1014,1
DA:1016,6
DA:1017,3
DA:1018,3
DA:1022,3
DA:1024,1
DA:1025,1
DA:1027,2
DA:1029,0
DA:1030,0
DA:1032,2
DA:1034,1
DA:1035,1
DA:1038,0
DA:1039,0
DA:1042,1
DA:1044,1
DA:1045,1
DA:1046,0
DA:1048,1
DA:1049,1
DA:1052,0
DA:1053,0
DA:1058,0
DA:1061,6
DA:1064,1
DA:1066,3
DA:1067,2
DA:1071,1
DA:1073,1
DA:1074,1
DA:1076,0
DA:1078,0
DA:1081,3
DA:1088,1
DA:1089,8
DA:1090,2
DA:1091,2
DA:1092,2
DA:1094,6
DA:1095,6
DA:1103,1
DA:1104,3
DA:1105,0
DA:1106,0
DA:1107,0
DA:1109,3
DA:1110,3
DA:1114,1
DA:1115,1
DA:1116,1
DA:1123,1
DA:1124,1
DA:1125,1
DA:1127,0
DA:1128,0
DA:1129,0
DA:1130,0
DA:1132,0
DA:1133,0
DA:1134,0
DA:1135,0
DA:1137,0
DA:1138,0
DA:1139,0
DA:1140,0
DA:1143,0
DA:1147,1
DA:1148,4
DA:1149,4
DA:1156,1
DA:1157,1
DA:1158,1
DA:1159,1
DA:1160,1
DA:1161,1
DA:1162,1
DA:1163,5
DA:1164,5
DA:1166,1
DA:1167,1
DA:1169,0
DA:1176,1
DA:1177,3
DA:1178,3
DA:1179,1
DA:1180,1
DA:1181,1
DA:1182,1
DA:1183,4
DA:1184,4
DA:1186,1
DA:1187,1
DA:1189,2
DA:1196,1
DA:1197,3
DA:1198,3
DA:1205,1
DA:1206,1
DA:1207,1
DA:1210,1
DA:1211,831
DA:1212,831
DA:1213,831
DA:1214,831
DA:1215,831
DA:1216,831
DA:1217,831
DA:1218,831
DA:1219,831
DA:1220,831
DA:1221,831
DA:1224,1
DA:1225,6
DA:1226,6
DA:1227,6
DA:1228,6
DA:1231,1
DA:1232,6
DA:1233,6
DA:1240,1
DA:1241,7
DA:1242,7
DA:1243,5
DA:1244,5
DA:1245,5
DA:1246,5
DA:1247,5
DA:1254,1
DA:1255,2
DA:1256,2
DA:1257,1
DA:1258,1
DA:1259,1
DA:1260,1
DA:1261,1
DA:1268,1
DA:1269,3
DA:1270,2
DA:1271,1
DA:1272,1
DA:1274,1
DA:1277,1
DA:1278,1
DA:1279,1
DA:1280,1
DA:1281,1
DA:1282,1
DA:1285,1
DA:1286,1
DA:1287,1
DA:1288,1
DA:1289,1
DA:1292,1
DA:1300,1
DA:1301,1
DA:1302,1
DA:1305,0
DA:1309,1
DA:1310,1
DA:1313,1
DA:1314,102
DA:1315,102
DA:1316,0
DA:1317,102
DA:1320,1
DA:1321,459
DA:1322,459
DA:1323,432
DA:1324,432
DA:1325,432
DA:1326,8
DA:1327,8
DA:1328,8
DA:1329,8
DA:1330,8
DA:1334,424
DA:1335,424
DA:1336,768
DA:1337,54
DA:1338,54
DA:1340,714
DA:1344,432
DA:1346,55
DA:1347,55
DA:1348,55
DA:1349,55
DA:1350,55
DA:1351,55
DA:1352,0
DA:1353,0
DA:1355,55
LF:780
LH:694
BRDA:45,0,0,36
BRDA:45,0,1,2351
BRDA:49,1,0,0
BRDA:49,1,1,1163
BRDA:103,2,0,1163
BRDA:103,2,1,3
BRDA:104,3,0,1163
BRDA:104,3,1,0
BRDA:107,4,0,1163
BRDA:107,4,1,0
BRDA:116,5,0,1
BRDA:116,5,1,0
BRDA:134,6,0,1
BRDA:134,6,1,2
BRDA:134,7,0,3
BRDA:134,7,1,1
BRDA:139,8,0,1
BRDA:139,8,1,1
BRDA:145,9,0,1
BRDA:145,9,1,0
BRDA:162,10,0,3471
BRDA:162,10,1,3836
BRDA:168,11,0,1201
BRDA:168,11,1,6443
BRDA:169,12,0,844
BRDA:169,12,1,5599
BRDA:170,13,0,365
BRDA:170,13,1,5234
BRDA:171,14,0,3471
BRDA:171,14,1,1763
BRDA:177,15,0,3471
BRDA:177,15,1,3836
BRDA:182,16,0,31
BRDA:182,16,1,3440
BRDA:183,17,0,45
BRDA:183,17,1,3426
BRDA:184,18,0,76
BRDA:184,18,1,3395
BRDA:185,19,0,0
BRDA:185,19,1,76
BRDA:186,20,0,19
BRDA:186,20,1,57
BRDA:186,21,0,76
BRDA:186,21,1,19
BRDA:192,22,0,45
BRDA:192,22,1,31
BRDA:193,23,0,31
BRDA:193,23,1,45
BRDA:197,24,0,1832
BRDA:197,24,1,1639
BRDA:198,25,0,675
BRDA:198,25,1,1157
BRDA:199,26,0,600
BRDA:199,26,1,75
BRDA:200,27,0,600
BRDA:200,27,1,600
BRDA:200,28,0,30
BRDA:200,28,1,570
BRDA:204,29,0,75
BRDA:204,29,1,0
BRDA:205,30,0,0
BRDA:205,30,1,75
BRDA:211,31,0,1072
BRDA:211,31,1,85
BRDA:211,32,0,1157
BRDA:211,32,1,1157
BRDA:211,32,2,1073
BRDA:211,32,3,18
BRDA:222,33,0,826
BRDA:222,33,1,5288
BRDA:222,34,0,6114
BRDA:222,34,1,2940
BRDA:222,34,2,1426
BRDA:222,34,3,684
BRDA:223,35,0,59
BRDA:223,35,1,767
BRDA:224,36,0,84
BRDA:224,36,1,742
BRDA:229,37,0,10
BRDA:229,37,1,816
BRDA:231,38,0,14
BRDA:231,38,1,802
BRDA:235,39,0,24
BRDA:235,39,1,5264
BRDA:235,40,0,5288
BRDA:235,40,1,140
BRDA:235,40,2,61
BRDA:238,41,0,5
BRDA:238,41,1,5259
BRDA:238,42,0,5264
BRDA:238,42,1,15
BRDA:238,42,2,5
BRDA:238,42,3,0
BRDA:239,43,0,0
BRDA:239,43,1,5
BRDA:240,44,0,0
BRDA:240,44,1,5
BRDA:247,45,0,2643
BRDA:247,45,1,3471
BRDA:249,46,0,47
BRDA:249,46,1,3424
BRDA:249,47,0,3471
BRDA:249,47,1,47
BRDA:257,48,0,5881
BRDA:257,48,1,1763
BRDA:257,49,0,7644
BRDA:257,49,1,6443
BRDA:257,49,2,6078
BRDA:257,49,3,5234
BRDA:263,50,0,3471
BRDA:263,50,1,7825
BRDA:271,51,0,9870
BRDA:271,51,1,3828
BRDA:278,52,0,45
BRDA:278,52,1,45
BRDA:278,52,2,45
BRDA:279,53,0,15
BRDA:279,53,1,0
BRDA:287,54,0,266
BRDA:287,54,1,251
BRDA:287,55,0,251
BRDA:287,55,1,83
BRDA:287,55,2,79
BRDA:290,56,0,59
BRDA:290,56,1,15
BRDA:294,57,0,0
BRDA:294,57,1,59
BRDA:294,58,0,59
BRDA:294,58,1,59
BRDA:308,59,0,6
BRDA:308,59,1,6
BRDA:333,60,0,0
BRDA:333,60,1,102
BRDA:334,61,0,0
BRDA:334,61,1,102
BRDA:334,62,0,102
BRDA:334,62,1,102
BRDA:339,63,0,26
BRDA:339,63,1,76
BRDA:345,64,0,25
BRDA:345,64,1,77
BRDA:347,65,0,1
BRDA:347,65,1,24
BRDA:354,66,0,24
BRDA:354,66,1,0
BRDA:356,67,0,5
BRDA:356,67,1,19
BRDA:356,68,0,24
BRDA:356,68,1,5
BRDA:357,69,0,5
BRDA:357,69,1,0
BRDA:366,70,0,0
BRDA:366,70,1,19
BRDA:367,71,0,19
BRDA:367,71,1,0
BRDA:367,72,0,19
BRDA:367,72,1,19
BRDA:376,73,0,77
BRDA:376,73,1,25
BRDA:376,74,0,102
BRDA:376,74,1,97
BRDA:376,74,2,20
BRDA:377,75,0,0
BRDA:377,75,1,77
BRDA:382,76,0,0
BRDA:382,76,1,0
BRDA:382,77,0,0
BRDA:382,77,1,0
BRDA:409,78,0,5
BRDA:409,78,1,97
BRDA:413,79,0,19
BRDA:413,79,1,78
BRDA:416,80,0,0
BRDA:416,80,1,78
BRDA:426,81,0,28
BRDA:426,81,1,74
BRDA:426,82,0,102
BRDA:426,82,1,75
BRDA:426,82,2,26
BRDA:440,83,0,4
BRDA:440,83,1,12
BRDA:447,84,0,8
BRDA:447,84,1,4
BRDA:458,85,0,8
BRDA:458,85,1,8
BRDA:484,86,0,5
BRDA:484,86,1,456
BRDA:491,87,0,449
BRDA:491,87,1,12
BRDA:492,88,0,8
BRDA:492,88,1,453
BRDA:493,89,0,4
BRDA:493,89,1,457
BRDA:493,90,0,461
BRDA:493,90,1,4
BRDA:494,91,0,3
BRDA:494,91,1,1
BRDA:515,92,0,0
BRDA:515,92,1,2
BRDA:518,93,0,2
BRDA:518,93,1,0
BRDA:522,94,0,2
BRDA:522,94,1,0
BRDA:524,95,0,2
BRDA:524,95,1,0
BRDA:536,96,0,0
BRDA:536,96,1,4
BRDA:536,97,0,4
BRDA:536,97,1,0
BRDA:538,98,0,4
BRDA:538,98,1,0
BRDA:538,99,0,4
BRDA:538,99,1,4
BRDA:557,100,0,0
BRDA:557,100,1,2
BRDA:564,101,0,4
BRDA:564,101,1,0
BRDA:566,102,0,2
BRDA:566,102,1,0
BRDA:577,103,0,6
BRDA:577,103,1,3
BRDA:579,104,0,5
BRDA:579,104,1,1
BRDA:584,105,0,3
BRDA:584,105,1,0
BRDA:590,106,0,3
BRDA:590,106,1,0
BRDA:604,107,0,0
BRDA:604,107,1,4
BRDA:604,108,0,4
BRDA:604,108,1,4
BRDA:627,109,0,4
BRDA:627,109,1,9
BRDA:634,110,0,8
BRDA:634,110,1,1
BRDA:635,111,0,6
BRDA:635,111,1,2
BRDA:640,112,0,1
BRDA:640,112,1,0
BRDA:641,113,0,0
BRDA:641,113,1,1
BRDA:660,114,0,1
BRDA:660,114,1,0
BRDA:660,115,0,1
BRDA:660,115,1,0
BRDA:670,116,0,5
BRDA:670,116,1,5
BRDA:674,117,0,1
BRDA:674,117,1,9
BRDA:676,118,0,1
BRDA:676,118,1,0
BRDA:689,119,0,0
BRDA:689,119,1,10
BRDA:689,120,0,10
BRDA:689,120,1,9
BRDA:695,121,0,2
BRDA:695,121,1,17
BRDA:695,122,0,19
BRDA:695,122,1,17
BRDA:696,123,0,8
BRDA:696,123,1,11
BRDA:698,124,0,11
BRDA:698,124,1,0
BRDA:708,125,0,4
BRDA:708,125,1,3
BRDA:712,126,0,0
BRDA:712,126,1,7
BRDA:714,127,0,0
BRDA:714,127,1,0
BRDA:727,128,0,0
BRDA:727,128,1,7
BRDA:727,129,0,7
BRDA:727,129,1,7
BRDA:749,130,0,4
BRDA:749,130,1,4
BRDA:749,130,2,4
BRDA:749,131,0,4
BRDA:749,131,1,2
BRDA:749,131,2,2
BRDA:752,132,0,0
BRDA:752,132,1,2
BRDA:759,133,0,2
BRDA:759,133,1,0
BRDA:760,134,0,0
BRDA:760,134,1,2
BRDA:768,135,0,2
BRDA:768,135,1,0
BRDA:783,136,0,19
BRDA:783,136,1,15
BRDA:784,137,0,19
BRDA:784,137,1,15
BRDA:785,138,0,10
BRDA:785,138,1,9
BRDA:787,139,0,48
BRDA:787,139,1,48
BRDA:787,140,0,48
BRDA:787,140,1,19
BRDA:790,141,0,0
BRDA:790,141,1,19
BRDA:794,142,0,9
BRDA:794,142,1,10
BRDA:794,143,0,19
BRDA:794,143,1,9
BRDA:810,144,0,3
BRDA:810,144,1,6
BRDA:810,145,0,2
BRDA:810,145,1,1
BRDA:811,146,0,1
BRDA:811,146,1,5
BRDA:815,147,0,3
BRDA:815,147,1,6
BRDA:821,148,0,4
BRDA:821,148,1,6
BRDA:825,149,0,6
BRDA:825,149,1,0
BRDA:840,150,0,4
BRDA:840,150,1,6
BRDA:842,151,0,10
BRDA:842,151,1,0
BRDA:854,152,0,4
BRDA:854,152,1,4
BRDA:854,152,2,4
BRDA:854,153,0,4
BRDA:854,153,1,2
BRDA:854,153,2,1
BRDA:857,154,0,0
BRDA:857,154,1,1
BRDA:860,155,0,0
BRDA:860,155,1,1
BRDA:864,156,0,1
BRDA:864,156,1,0
BRDA:897,157,0,5
BRDA:897,157,1,5
BRDA:897,158,0,5
BRDA:897,158,1,1
BRDA:900,159,0,0
BRDA:900,159,1,1
BRDA:902,160,0,1
BRDA:902,160,1,0
BRDA:906,161,0,0
BRDA:906,161,1,0
BRDA:923,162,0,4
BRDA:923,162,1,4
BRDA:923,163,0,4
BRDA:923,163,1,2
BRDA:926,164,0,0
BRDA:926,164,1,1
BRDA:927,165,0,1
BRDA:927,165,1,0
BRDA:927,166,0,1
BRDA:927,166,1,1
BRDA:931,167,0,0
BRDA:931,167,1,0
BRDA:935,168,0,0
BRDA:935,168,1,0
BRDA:951,169,0,38
BRDA:951,169,1,12
BRDA:953,170,0,37
BRDA:953,170,1,1
BRDA:971,171,0,0
BRDA:971,171,1,2
BRDA:981,172,0,9
BRDA:981,172,1,8
BRDA:983,173,0,8
BRDA:983,173,1,1
BRDA:999,174,0,5
BRDA:999,174,1,5
BRDA:1016,175,0,3
BRDA:1016,175,1,3
BRDA:1022,176,0,1
BRDA:1022,176,1,2
BRDA:1022,177,0,3
BRDA:1022,177,1,1
BRDA:1027,178,0,0
BRDA:1027,178,1,2
BRDA:1027,179,0,2
BRDA:1027,179,1,0
BRDA:1032,180,0,1
BRDA:1032,180,1,1
BRDA:1032,181,0,2
BRDA:1032,181,1,2
BRDA:1034,182,0,1
BRDA:1034,182,1,0
BRDA:1042,183,0,1
BRDA:1042,183,1,0
BRDA:1042,184,0,1
BRDA:1042,184,1,1
BRDA:1042,184,2,1
BRDA:1042,184,3,1
BRDA:1045,185,0,1
BRDA:1045,185,1,1
BRDA:1048,186,0,1
BRDA:1048,186,1,0
BRDA:1066,187,0,2
BRDA:1066,187,1,1
BRDA:1071,188,0,1
BRDA:1071,188,1,0
BRDA:1076,189,0,0
BRDA:1076,189,1,0
BRDA:1089,190,0,2
BRDA:1089,190,1,6
BRDA:1094,191,0,6
BRDA:1094,191,1,0
BRDA:1104,192,0,0
BRDA:1104,192,1,3
BRDA:1109,193,0,3
BRDA:1109,193,1,0
BRDA:1115,194,0,0
BRDA:1115,194,1,1
BRDA:1124,195,0,1
BRDA:1124,195,1,0
BRDA:1125,196,0,1
BRDA:1125,196,1,0
BRDA:1127,197,0,0
BRDA:1127,197,1,0
BRDA:1135,198,0,0
BRDA:1135,198,1,0
BRDA:1137,199,0,0
BRDA:1137,199,1,0
BRDA:1148,200,0,0
BRDA:1148,200,1,4
BRDA:1148,201,0,4
BRDA:1148,201,1,4
BRDA:1158,202,0,1
BRDA:1158,202,1,0
BRDA:1162,203,0,6
BRDA:1162,203,1,6
BRDA:1163,204,0,2
BRDA:1163,204,1,3
BRDA:1164,205,0,4
BRDA:1164,205,1,1
BRDA:1178,206,0,1
BRDA:1178,206,1,2
BRDA:1182,207,0,5
BRDA:1182,207,1,5
BRDA:1183,208,0,1
BRDA:1183,208,1,3
BRDA:1184,209,0,3
BRDA:1184,209,1,1
BRDA:1217,210,0,601
BRDA:1217,210,1,230
BRDA:1242,211,0,2
BRDA:1242,211,1,5
BRDA:1245,212,0,5
BRDA:1245,212,1,0
BRDA:1256,213,0,1
BRDA:1256,213,1,1
BRDA:1259,214,0,1
BRDA:1259,214,1,0
BRDA:1269,215,0,1
BRDA:1269,215,1,2
BRDA:1270,216,0,1
BRDA:1270,216,1,1
BRDA:1279,217,0,0
BRDA:1279,217,1,1
BRDA:1300,218,0,1
BRDA:1300,218,1,0
BRDA:1316,219,0,0
BRDA:1316,219,1,0
BRDA:1322,220,0,27
BRDA:1322,220,1,432
BRDA:1325,221,0,8
BRDA:1325,221,1,424
BRDA:1328,222,0,8
BRDA:1328,222,1,0
BRDA:1330,223,0,1
BRDA:1330,223,1,7
BRDA:1336,224,0,54
BRDA:1336,224,1,714
BRDA:1344,225,0,377
BRDA:1344,225,1,55
BRDA:1351,226,0,0
BRDA:1351,226,1,55
BRF:473
BRH:373
end_of_record
TN:
SF:/Users/yangxiaomei/Projects/Studiosity/guppy/src/guppy.js
FN:19,(anonymous_0)
FN:48,(anonymous_1)
FN:58,(anonymous_2)
FN:76,(anonymous_3)
FN:80,(anonymous_4)
FN:81,(anonymous_5)
FN:82,(anonymous_6)
FN:83,(anonymous_7)
FN:100,(anonymous_8)
FN:122,(anonymous_9)
FN:135,(anonymous_10)
FN:140,(anonymous_11)
FN:145,(anonymous_12)
FN:225,(anonymous_13)
FN:245,(anonymous_14)
FN:254,(anonymous_15)
FN:281,(anonymous_16)
FN:304,(anonymous_17)
FN:320,(anonymous_18)
FN:337,(anonymous_19)
FN:343,(anonymous_20)
FN:368,(anonymous_21)
FN:373,(anonymous_22)
FN:387,(anonymous_23)
FN:392,(anonymous_24)
FN:400,(anonymous_25)
FN:413,(anonymous_26)
FN:447,(anonymous_27)
FN:516,(anonymous_28)
FN:522,(anonymous_29)
FN:554,(anonymous_30)
FN:569,(anonymous_31)
FN:611,(anonymous_32)
FN:634,(anonymous_33)
FN:657,(anonymous_34)
FN:685,(anonymous_35)
FN:703,(anonymous_36)
FN:711,(anonymous_37)
FN:719,(anonymous_38)
FN:728,(anonymous_39)
FN:736,(anonymous_40)
FN:745,(anonymous_41)
FN:753,(anonymous_42)
FN:778,(anonymous_43)
FN:797,(anonymous_44)
FN:811,(anonymous_45)
FN:819,(anonymous_46)
FN:828,(anonymous_47)
FN:840,(anonymous_48)
FN:851,(anonymous_49)
FN:860,(anonymous_50)
FN:868,(anonymous_51)
FN:887,(anonymous_52)
FN:914,(anonymous_53)
FN:925,(anonymous_54)
FN:925,(anonymous_55)
FN:938,(anonymous_56)
FN:938,(anonymous_57)
FN:957,(anonymous_58)
FN:957,(anonymous_59)
FN:974,(anonymous_60)
FN:974,(anonymous_61)
FN:985,(anonymous_62)
FN:994,(anonymous_63)
FNF:64
FNH:47
FNDA:126,(anonymous_0)
FNDA:106,(anonymous_1)
FNDA:106,(anonymous_2)
FNDA:0,(anonymous_3)
FNDA:3,(anonymous_4)
FNDA:3,(anonymous_5)
FNDA:3,(anonymous_6)
FNDA:0,(anonymous_7)
FNDA:0,(anonymous_8)
FNDA:0,(anonymous_9)
FNDA:789,(anonymous_10)
FNDA:318,(anonymous_11)
FNDA:9,(anonymous_12)
FNDA:2,(anonymous_13)
FNDA:0,(anonymous_14)
FNDA:1,(anonymous_15)
FNDA:0,(anonymous_16)
FNDA:0,(anonymous_17)
FNDA:0,(anonymous_18)
FNDA:0,(anonymous_19)
FNDA:0,(anonymous_20)
FNDA:6,(anonymous_21)
FNDA:0,(anonymous_22)
FNDA:0,(anonymous_23)
FNDA:0,(anonymous_24)
FNDA:1,(anonymous_25)
FNDA:1151,(anonymous_26)
FNDA:9,(anonymous_27)
FNDA:17,(anonymous_28)
FNDA:0,(anonymous_29)
FNDA:0,(anonymous_30)
FNDA:8,(anonymous_31)
FNDA:1,(anonymous_32)
FNDA:3,(anonymous_33)
FNDA:1426,(anonymous_34)
FNDA:1537,(anonymous_35)
FNDA:1,(anonymous_36)
FNDA:1,(anonymous_37)
FNDA:1,(anonymous_38)
FNDA:1,(anonymous_39)
FNDA:1,(anonymous_40)
FNDA:1,(anonymous_41)
FNDA:0,(anonymous_42)
FNDA:4,(anonymous_43)
FNDA:1,(anonymous_44)
FNDA:1,(anonymous_45)
FNDA:1,(anonymous_46)
FNDA:8,(anonymous_47)
FNDA:2,(anonymous_48)
FNDA:110,(anonymous_49)
FNDA:4,(anonymous_50)
FNDA:330,(anonymous_51)
FNDA:789,(anonymous_52)
FNDA:1,(anonymous_53)
FNDA:66,(anonymous_54)
FNDA:455,(anonymous_55)
FNDA:17,(anonymous_56)
FNDA:46,(anonymous_57)
FNDA:37,(anonymous_58)
FNDA:145,(anonymous_59)
FNDA:7,(anonymous_60)
FNDA:3,(anonymous_61)
FNDA:0,(anonymous_62)
FNDA:1,(anonymous_63)
DA:19,1
DA:21,126
DA:23,126
DA:24,126
DA:25,126
DA:26,20
DA:28,106
DA:31,106
DA:33,106
DA:34,106
DA:35,106
DA:37,106
DA:39,106
DA:40,106
DA:41,106
DA:44,106
DA:45,106
DA:46,106
DA:47,106
DA:48,106
DA:49,106
DA:50,0
DA:52,106
DA:53,106
DA:54,106
DA:55,106
DA:58,1
DA:59,106
DA:60,106
DA:61,106
DA:64,106
DA:65,0
DA:66,0
DA:69,106
DA:70,106
DA:71,106
DA:73,106
DA:74,106
DA:75,424
DA:76,0
DA:77,0
DA:78,0
DA:80,424
DA:81,318
DA:82,212
DA:83,106
DA:88,1
DA:89,1
DA:90,1
DA:91,1
DA:92,1
DA:93,1
DA:95,1
DA:96,1
DA:97,1
DA:98,1
DA:99,1
DA:100,1
DA:101,0
DA:102,0
DA:103,0
DA:104,0
DA:105,0
DA:106,0
DA:107,0
DA:108,0
DA:110,0
DA:111,0
DA:112,0
DA:113,0
DA:114,0
DA:116,0
DA:117,0
DA:118,0
DA:122,1
DA:123,0
DA:124,0
DA:125,0
DA:126,0
DA:127,0
DA:128,0
DA:129,0
DA:130,0
DA:131,0
DA:132,0
DA:135,1
DA:136,789
DA:137,789
DA:140,1
DA:141,318
DA:142,318
DA:143,318
DA:144,318
DA:145,318
DA:146,9
DA:147,9
DA:148,9
DA:149,9
DA:150,9
DA:153,318
DA:225,1
DA:226,2
DA:227,2
DA:229,2
DA:230,2
DA:231,19
DA:245,1
DA:246,0
DA:254,1
DA:255,1
DA:256,1
DA:257,1
DA:258,26
DA:259,26
DA:281,1
DA:282,0
DA:283,0
DA:285,0
DA:304,1
DA:305,0
DA:306,0
DA:308,0
DA:309,0
DA:310,0
DA:320,1
DA:321,0
DA:322,0
DA:337,1
DA:338,0
DA:339,0
DA:341,0
DA:342,0
DA:343,0
DA:344,0
DA:345,0
DA:346,0
DA:347,0
DA:351,0
DA:368,1
DA:369,6
DA:370,0
DA:372,6
DA:373,0
DA:374,0
DA:375,0
DA:376,0
DA:380,6
DA:387,1
DA:388,0
DA:389,0
DA:390,0
DA:391,0
DA:392,0
DA:393,0
DA:394,0
DA:395,0
DA:400,1
DA:401,1
DA:402,1
DA:403,1
DA:404,1
DA:405,1
DA:406,0
DA:408,1
DA:409,1
DA:410,1
DA:413,1
DA:414,1151
DA:415,1151
DA:416,1151
DA:417,1151
DA:418,1151
DA:423,1151
DA:424,1151
DA:425,3030
DA:426,3030
DA:427,3030
DA:428,3030
DA:429,3030
DA:430,3030
DA:431,12589
DA:432,3030
DA:440,3030
DA:444,1151
DA:447,1
DA:448,9
DA:449,9
DA:450,9
DA:451,9
DA:452,9
DA:453,9
DA:454,9
DA:456,9
DA:457,9
DA:458,9
DA:459,3
DA:460,3
DA:463,9
DA:464,9
DA:465,9
DA:466,3
DA:467,3
DA:468,3
DA:469,21
DA:470,18
DA:471,18
DA:472,18
DA:473,9
DA:476,3
DA:478,9
DA:479,9
DA:480,44
DA:481,44
DA:482,6
DA:483,6
DA:485,38
DA:486,38
DA:487,38
DA:488,38
DA:489,15
DA:490,15
DA:491,15
DA:494,9
DA:495,9
DA:496,9
DA:497,9
DA:498,9
DA:500,9
DA:501,6
DA:503,9
DA:504,9
DA:505,3
DA:506,3
DA:507,2
DA:508,1
DA:509,1
DA:510,3
DA:511,1
DA:513,9
DA:516,1
DA:517,17
DA:518,17
DA:519,17
DA:522,1
DA:523,0
DA:524,0
DA:525,0
DA:526,0
DA:527,0
DA:528,0
DA:529,0
DA:530,0
DA:531,0
DA:532,0
DA:534,0
DA:535,0
DA:536,0
DA:537,0
DA:538,0
DA:539,0
DA:540,0
DA:541,0
DA:542,0
DA:543,0
DA:545,0
DA:547,0
DA:548,0
DA:550,0
DA:554,1
DA:555,0
DA:556,0
DA:557,0
DA:558,0
DA:559,0
DA:560,0
DA:561,0
DA:562,0
DA:563,0
DA:565,0
DA:569,1
DA:570,8
DA:571,8
DA:572,8
DA:573,8
DA:574,8
DA:575,8
DA:576,8
DA:577,8
DA:578,8
DA:579,583
DA:580,8
DA:582,8
DA:583,8
DA:584,8
DA:585,8
DA:586,8
DA:587,3
DA:590,5
DA:591,5
DA:592,5
DA:593,5
DA:594,5
DA:596,8
DA:598,8
DA:600,0
DA:601,0
DA:603,0
DA:605,0
DA:606,0
DA:607,0
DA:611,1
DA:612,1
DA:613,1
DA:614,1
DA:615,1
DA:616,1
DA:617,1
DA:618,0
DA:621,1
DA:622,1
DA:623,1
DA:625,1
DA:628,0
DA:629,0
DA:630,0
DA:634,1
DA:635,3
DA:636,3
DA:637,3
DA:638,0
DA:639,0
DA:641,3
DA:642,0
DA:643,0
DA:645,3
DA:646,3
DA:647,3
DA:651,1
DA:652,1
DA:653,1
DA:654,1
DA:655,1
DA:657,1
DA:659,1426
DA:660,1426
DA:661,1426
DA:662,1426
DA:663,1426
DA:664,1426
DA:665,1426
DA:666,1426
DA:667,1426
DA:668,1426
DA:669,1426
DA:670,1426
DA:673,0
DA:675,0
DA:685,1
DA:686,1537
DA:687,111
DA:688,111
DA:689,111
DA:691,1426
DA:692,1426
DA:693,1426
DA:694,1426
DA:695,1045
DA:703,1
DA:704,1
DA:711,1
DA:712,1
DA:719,1
DA:720,1
DA:728,1
DA:729,1
DA:736,1
DA:737,1
DA:745,1
DA:746,1
DA:753,1
DA:754,0
DA:778,1
DA:779,4
DA:780,4
DA:781,4
DA:782,4
DA:797,1
DA:798,1
DA:811,1
DA:812,1
DA:819,1
DA:820,1
DA:828,1
DA:829,8
DA:840,1
DA:841,2
DA:851,1
DA:852,110
DA:860,1
DA:861,4
DA:868,1
DA:869,330
DA:870,330
DA:871,330
DA:872,330
DA:873,330
DA:874,330
DA:875,330
DA:876,108
DA:878,330
DA:879,0
DA:887,1
DA:888,789
DA:889,789
DA:890,789
DA:891,789
DA:892,789
DA:893,108
DA:895,681
DA:896,106
DA:898,789
DA:899,789
DA:900,789
DA:901,789
DA:902,789
DA:903,789
DA:904,214
DA:905,214
DA:912,1
DA:914,1
DA:915,1
DA:918,1
DA:919,81
DA:920,81
DA:921,16
DA:922,18
DA:924,1
DA:925,66
DA:926,455
DA:927,455
DA:928,455
DA:929,0
DA:932,455
DA:934,455
DA:935,455
DA:937,1
DA:938,17
DA:939,46
DA:940,46
DA:945,46
DA:946,1
DA:949,45
DA:951,45
DA:953,46
DA:954,46
DA:956,1
DA:957,37
DA:958,145
DA:960,145
DA:961,1
DA:964,144
DA:965,144
DA:966,144
DA:968,145
DA:970,145
DA:972,1
DA:973,21
DA:974,7
DA:975,3
DA:976,3
DA:977,3
DA:978,3
DA:980,3
DA:981,3
DA:985,1
DA:986,0
DA:987,0
DA:988,0
DA:992,1
DA:994,1
DA:995,1
DA:996,1
DA:997,1
DA:998,1
DA:999,1
DA:1000,1
LF:486
LH:363
BRDA:21,0,0,1
BRDA:21,0,1,125
BRDA:23,1,0,126
BRDA:23,1,1,0
BRDA:25,2,0,20
BRDA:25,2,1,106
BRDA:33,3,0,106
BRDA:33,3,1,1
BRDA:49,4,0,0
BRDA:49,4,1,106
BRDA:61,5,0,0
BRDA:61,5,1,106
BRDA:61,6,0,106
BRDA:61,6,1,106
BRDA:64,7,0,0
BRDA:64,7,1,106
BRDA:73,8,0,106
BRDA:73,8,1,0
BRDA:75,9,0,0
BRDA:75,9,1,424
BRDA:75,10,0,424
BRDA:75,10,1,106
BRDA:77,11,0,0
BRDA:77,11,1,0
BRDA:80,12,0,106
BRDA:80,12,1,318
BRDA:81,13,0,106
BRDA:81,13,1,212
BRDA:82,14,0,106
BRDA:82,14,1,106
BRDA:83,15,0,0
BRDA:83,15,1,106
BRDA:102,16,0,0
BRDA:102,16,1,0
BRDA:103,17,0,0
BRDA:103,17,1,0
BRDA:116,18,0,0
BRDA:116,18,1,0
BRDA:124,19,0,0
BRDA:124,19,1,0
BRDA:132,20,0,0
BRDA:132,20,1,0
BRDA:144,21,0,318
BRDA:144,21,1,0
BRDA:147,22,0,9
BRDA:147,22,1,0
BRDA:148,23,0,9
BRDA:148,23,1,0
BRDA:226,24,0,2
BRDA:226,24,1,0
BRDA:255,25,0,1
BRDA:255,25,1,0
BRDA:258,26,0,26
BRDA:258,26,1,0
BRDA:282,27,0,0
BRDA:282,27,1,0
BRDA:282,28,0,0
BRDA:282,28,1,0
BRDA:305,29,0,0
BRDA:305,29,1,0
BRDA:305,30,0,0
BRDA:305,30,1,0
BRDA:309,31,0,0
BRDA:309,31,1,0
BRDA:321,32,0,0
BRDA:321,32,1,0
BRDA:338,33,0,0
BRDA:338,33,1,0
BRDA:341,34,0,0
BRDA:341,34,1,0
BRDA:341,35,0,0
BRDA:341,35,1,0
BRDA:346,36,0,0
BRDA:346,36,1,0
BRDA:369,37,0,0
BRDA:369,37,1,6
BRDA:372,38,0,0
BRDA:372,38,1,6
BRDA:372,39,0,6
BRDA:372,39,1,1
BRDA:375,40,0,0
BRDA:375,40,1,0
BRDA:390,41,0,0
BRDA:390,41,1,0
BRDA:393,42,0,0
BRDA:393,42,1,0
BRDA:394,43,0,0
BRDA:394,43,1,0
BRDA:402,44,0,0
BRDA:402,44,1,1
BRDA:405,45,0,0
BRDA:405,45,1,1
BRDA:406,46,0,0
BRDA:406,46,1,0
BRDA:406,46,2,0
BRDA:406,46,3,0
BRDA:416,47,0,0
BRDA:416,47,1,1151
BRDA:426,48,0,0
BRDA:426,48,1,3030
BRDA:428,49,0,0
BRDA:428,49,1,3030
BRDA:428,50,0,3030
BRDA:428,50,1,0
BRDA:428,50,2,0
BRDA:428,50,3,0
BRDA:431,51,0,3030
BRDA:431,51,1,9559
BRDA:457,52,0,0
BRDA:457,52,1,9
BRDA:458,53,0,3
BRDA:458,53,1,6
BRDA:464,54,0,0
BRDA:464,54,1,9
BRDA:465,55,0,3
BRDA:465,55,1,6
BRDA:469,56,0,3
BRDA:469,56,1,18
BRDA:472,57,0,9
BRDA:472,57,1,9
BRDA:478,58,0,0
BRDA:478,58,1,9
BRDA:481,59,0,6
BRDA:481,59,1,38
BRDA:482,60,0,6
BRDA:482,60,1,0
BRDA:488,61,0,15
BRDA:488,61,1,23
BRDA:488,62,0,38
BRDA:488,62,1,29
BRDA:500,63,0,6
BRDA:500,63,1,3
BRDA:500,64,0,9
BRDA:500,64,1,6
BRDA:504,65,0,3
BRDA:504,65,1,6
BRDA:504,66,0,9
BRDA:504,66,1,3
BRDA:506,67,0,1
BRDA:506,67,1,2
BRDA:507,68,0,1
BRDA:507,68,1,1
BRDA:508,69,0,0
BRDA:508,69,1,1
BRDA:509,70,0,0
BRDA:509,70,1,1
BRDA:510,71,0,2
BRDA:510,71,1,1
BRDA:519,72,0,17
BRDA:519,72,1,0
BRDA:527,73,0,0
BRDA:527,73,1,0
BRDA:531,74,0,0
BRDA:531,74,1,0
BRDA:537,75,0,0
BRDA:537,75,1,0
BRDA:539,76,0,0
BRDA:539,76,1,0
BRDA:547,77,0,0
BRDA:547,77,1,0
BRDA:547,78,0,0
BRDA:547,78,1,0
BRDA:557,79,0,0
BRDA:557,79,1,0
BRDA:561,80,0,0
BRDA:561,80,1,0
BRDA:570,81,0,0
BRDA:570,81,1,8
BRDA:575,82,0,8
BRDA:575,82,1,0
BRDA:579,83,0,575
BRDA:579,83,1,8
BRDA:585,84,0,8
BRDA:585,84,1,0
BRDA:586,85,0,3
BRDA:586,85,1,5
BRDA:591,86,0,0
BRDA:591,86,1,5
BRDA:600,87,0,0
BRDA:600,87,1,0
BRDA:600,88,0,0
BRDA:600,88,1,0
BRDA:613,89,0,0
BRDA:613,89,1,1
BRDA:614,90,0,1
BRDA:614,90,1,0
BRDA:617,91,0,0
BRDA:617,91,1,1
BRDA:617,92,0,1
BRDA:617,92,1,1
BRDA:617,92,2,1
BRDA:617,92,3,1
BRDA:622,93,0,0
BRDA:622,93,1,1
BRDA:629,94,0,0
BRDA:629,94,1,0
BRDA:629,95,0,0
BRDA:629,95,1,0
BRDA:637,96,0,0
BRDA:637,96,1,3
BRDA:641,97,0,0
BRDA:641,97,1,3
BRDA:646,98,0,0
BRDA:646,98,1,3
BRDA:660,99,0,1426
BRDA:660,99,1,0
BRDA:666,100,0,5
BRDA:666,100,1,1421
BRDA:686,101,0,111
BRDA:686,101,1,1426
BRDA:686,102,0,1537
BRDA:686,102,1,214
BRDA:688,103,0,111
BRDA:688,103,1,0
BRDA:693,104,0,1426
BRDA:693,104,1,0
BRDA:694,105,0,1045
BRDA:694,105,1,381
BRDA:875,106,0,108
BRDA:875,106,1,222
BRDA:878,107,0,0
BRDA:878,107,1,330
BRDA:892,108,0,108
BRDA:892,108,1,681
BRDA:895,109,0,106
BRDA:895,109,1,575
BRDA:903,110,0,214
BRDA:903,110,1,575
BRDA:920,111,0,16
BRDA:920,111,1,65
BRDA:926,112,0,0
BRDA:926,112,1,455
BRDA:928,113,0,0
BRDA:928,113,1,455
BRDA:928,114,0,455
BRDA:928,114,1,22
BRDA:939,115,0,0
BRDA:939,115,1,46
BRDA:945,116,0,1
BRDA:945,116,1,45
BRDA:946,117,0,1
BRDA:946,117,1,0
BRDA:958,118,0,0
BRDA:958,118,1,145
BRDA:960,119,0,1
BRDA:960,119,1,144
BRDA:960,120,0,145
BRDA:960,120,1,9
BRDA:973,121,0,7
BRDA:973,121,1,14
BRDA:973,122,0,21
BRDA:973,122,1,19
BRDA:973,122,2,11
BRDA:975,123,0,0
BRDA:975,123,1,3
BRDA:977,124,0,3
BRDA:977,124,1,0
BRDA:986,125,0,0
BRDA:986,125,1,0
BRDA:994,126,0,1
BRDA:995,127,0,0
BRDA:995,127,1,1
BRF:262
BRH:139
end_of_record
TN:
SF:/Users/yangxiaomei/Projects/Studiosity/guppy/src/keyboard.js
FN:1,(anonymous_0)
FNF:1
FNH:1
FNDA:2,(anonymous_0)
DA:1,1
DA:2,2
DA:7,2
DA:13,2
DA:36,2
DA:77,2
DA:79,2
DA:81,2
DA:85,2
DA:86,52
DA:87,52
DA:92,2
DA:93,20
LF:13
LH:13
BRF:0
BRH:0
end_of_record
TN:
SF:/Users/yangxiaomei/Projects/Studiosity/guppy/src/parser.js
FN:1,(anonymous_0)
FN:7,(anonymous_1)
FN:8,(anonymous_2)
FN:11,(anonymous_3)
FN:13,(anonymous_4)
FN:30,(anonymous_5)
FN:72,(anonymous_6)
FN:85,(anonymous_7)
FN:87,(anonymous_8)
FN:93,(anonymous_9)
FN:95,(anonymous_10)
FN:106,(anonymous_11)
FN:110,(anonymous_12)
FN:114,(anonymous_13)
FN:118,(anonymous_14)
FN:122,(anonymous_15)
FN:137,(anonymous_16)
FN:138,(anonymous_17)
FN:139,(anonymous_18)
FN:141,(anonymous_19)
FN:143,(anonymous_20)
FN:148,(anonymous_21)
FN:152,(anonymous_22)
FN:161,(anonymous_23)
FN:196,(anonymous_24)
FN:200,(anonymous_25)
FN:201,(anonymous_26)
FN:202,(anonymous_27)
FN:203,(anonymous_28)
FN:207,(anonymous_29)
FN:211,(anonymous_30)
FN:212,(anonymous_31)
FN:213,(anonymous_32)
FN:214,(anonymous_33)
FN:215,(anonymous_34)
FN:221,(anonymous_35)
FN:243,(anonymous_36)
FN:247,(anonymous_37)
FN:248,(anonymous_38)
FN:249,(anonymous_39)
FN:250,(anonymous_40)
FN:251,(anonymous_41)
FN:256,(anonymous_42)
FNF:43
FNH:32
FNDA:3,(anonymous_0)
FNDA:0,(anonymous_1)
FNDA:0,(anonymous_2)
FNDA:17,(anonymous_3)
FNDA:80,(anonymous_4)
FNDA:511,(anonymous_5)
FNDA:241,(anonymous_6)
FNDA:42,(anonymous_7)
FNDA:55,(anonymous_8)
FNDA:3,(anonymous_9)
FNDA:8,(anonymous_10)
FNDA:0,(anonymous_11)
FNDA:49,(anonymous_12)
FNDA:86,(anonymous_13)
FNDA:2,(anonymous_14)
FNDA:88,(anonymous_15)
FNDA:1,(anonymous_16)
FNDA:1,(anonymous_17)
FNDA:1,(anonymous_18)
FNDA:3,(anonymous_19)
FNDA:0,(anonymous_20)
FNDA:13,(anonymous_21)
FNDA:156,(anonymous_22)
FNDA:234,(anonymous_23)
FNDA:63,(anonymous_24)
FNDA:0,(anonymous_25)
FNDA:31,(anonymous_26)
FNDA:79,(anonymous_27)
FNDA:0,(anonymous_28)
FNDA:19,(anonymous_29)
FNDA:0,(anonymous_30)
FNDA:43,(anonymous_31)
FNDA:15,(anonymous_32)
FNDA:0,(anonymous_33)
FNDA:0,(anonymous_34)
FNDA:15,(anonymous_35)
FNDA:4,(anonymous_36)
FNDA:0,(anonymous_37)
FNDA:17,(anonymous_38)
FNDA:2,(anonymous_39)
FNDA:5,(anonymous_40)
FNDA:0,(anonymous_41)
FNDA:7,(anonymous_42)
DA:1,1
DA:2,3
DA:3,3
DA:4,3
DA:6,3
DA:7,0
DA:8,0
DA:11,17
DA:13,3
DA:14,80
DA:15,80
DA:16,80
DA:17,8
DA:18,2
DA:21,72
DA:22,72
DA:23,72
DA:24,72
DA:25,72
DA:27,80
DA:30,3
DA:32,511
DA:33,0
DA:35,511
DA:36,154
DA:37,154
DA:39,357
DA:40,357
DA:41,357
DA:42,357
DA:43,357
DA:44,357
DA:45,110
DA:46,247
DA:47,110
DA:48,110
DA:49,0
DA:51,137
DA:52,2
DA:53,2
DA:54,2
DA:55,135
DA:56,86
DA:57,86
DA:58,49
DA:59,49
DA:60,49
DA:61,49
DA:63,0
DA:65,357
DA:66,357
DA:67,357
DA:68,357
DA:69,357
DA:72,3
DA:74,241
DA:75,241
DA:76,241
DA:77,241
DA:78,75
DA:79,75
DA:80,75
DA:82,241
DA:85,3
DA:86,42
DA:87,42
DA:88,55
DA:90,42
DA:93,3
DA:94,3
DA:95,3
DA:96,8
DA:97,8
DA:99,3
DA:102,3
DA:103,3
DA:105,3
DA:106,3
DA:108,3
DA:109,3
DA:110,49
DA:112,3
DA:113,3
DA:114,86
DA:116,3
DA:117,3
DA:118,3
DA:120,3
DA:121,3
DA:122,88
DA:124,3
DA:125,3
DA:127,3
DA:128,3
DA:129,3
DA:130,3
DA:131,3
DA:132,3
DA:133,3
DA:134,3
DA:135,3
DA:136,3
DA:137,3
DA:138,3
DA:139,3
DA:140,3
DA:141,3
DA:142,3
DA:143,3
DA:144,3
DA:145,3
DA:146,3
DA:148,3
DA:149,13
DA:152,3
DA:153,156
DA:154,156
DA:155,156
DA:156,155
DA:157,155
DA:161,1
DA:162,234
DA:163,234
DA:164,279
DA:165,279
DA:166,773
DA:167,773
DA:168,773
DA:169,773
DA:170,278
DA:171,278
DA:172,278
DA:173,278
DA:174,278
DA:177,279
DA:178,1
DA:179,1
DA:180,1
DA:181,1
DA:182,1
DA:184,1
DA:185,1
DA:188,0
DA:192,234
DA:195,1
DA:197,63
DA:198,63
DA:200,0
DA:201,31
DA:202,79
DA:203,0
DA:206,1
DA:208,19
DA:209,19
DA:211,0
DA:212,43
DA:213,15
DA:214,0
DA:215,0
DA:219,1
DA:220,1
DA:221,1
DA:222,15
DA:223,9
DA:224,9
DA:225,9
DA:226,7
DA:227,10
DA:228,10
DA:229,7
DA:231,3
DA:234,9
DA:235,9
DA:238,6
DA:242,1
DA:244,4
DA:245,4
DA:247,0
DA:248,17
DA:249,2
DA:250,5
DA:251,0
DA:254,1
DA:255,1
DA:256,1
DA:257,7
DA:259,7
DA:260,8
DA:261,8
DA:262,8
DA:263,8
DA:266,7
DA:267,2
LF:193
LH:180
BRDA:15,0,0,80
BRDA:15,0,1,21
BRDA:16,1,0,8
BRDA:16,1,1,72
BRDA:17,2,0,2
BRDA:17,2,1,6
BRDA:32,3,0,0
BRDA:32,3,1,511
BRDA:32,4,0,511
BRDA:32,4,1,23
BRDA:35,5,0,154
BRDA:35,5,1,357
BRDA:44,6,0,110
BRDA:44,6,1,247
BRDA:46,7,0,110
BRDA:46,7,1,137
BRDA:48,8,0,0
BRDA:48,8,1,110
BRDA:51,9,0,2
BRDA:51,9,1,135
BRDA:55,10,0,86
BRDA:55,10,1,49
BRDA:58,11,0,49
BRDA:58,11,1,0
BRDA:68,12,0,51
BRDA:68,12,1,306
BRDA:87,13,0,42
BRDA:87,13,1,30
BRDA:95,14,0,3
BRDA:95,14,1,3
BRDA:96,15,0,8
BRDA:96,15,1,0
BRDA:110,16,0,49
BRDA:110,16,1,0
BRDA:155,17,0,1
BRDA:155,17,1,155
BRDA:169,18,0,278
BRDA:169,18,1,495
BRDA:173,19,0,278
BRDA:173,19,1,0
BRDA:177,20,0,1
BRDA:177,20,1,278
BRDA:178,21,0,1
BRDA:178,21,1,0
BRDA:197,22,0,0
BRDA:197,22,1,63
BRDA:208,23,0,0
BRDA:208,23,1,19
BRDA:222,24,0,9
BRDA:222,24,1,6
BRDA:225,25,0,7
BRDA:225,25,1,2
BRDA:228,26,0,7
BRDA:228,26,1,3
BRDA:244,27,0,0
BRDA:244,27,1,4
BRDA:261,28,0,8
BRDA:261,28,1,0
BRDA:266,29,0,5
BRDA:266,29,1,2
BRF:60
BRH:49
end_of_record
TN:
SF:/Users/yangxiaomei/Projects/Studiosity/guppy/src/settings.js
FN:47,(anonymous_0)
FN:54,(anonymous_1)
FN:59,(anonymous_2)
FN:63,(anonymous_3)
FN:68,(anonymous_4)
FN:84,(anonymous_5)
FN:93,(anonymous_6)
FN:94,(anonymous_7)
FN:114,(anonymous_8)
FNF:9
FNH:8
FNDA:92,(anonymous_0)
FNDA:3,(anonymous_1)
FNDA:9,(anonymous_2)
FNDA:798,(anonymous_3)
FNDA:9,(anonymous_4)
FNDA:9,(anonymous_5)
FNDA:6,(anonymous_6)
FNDA:0,(anonymous_7)
FNDA:1,(anonymous_8)
DA:4,1
DA:5,1
DA:6,1
DA:7,1
DA:8,1
DA:18,1
DA:23,1
DA:24,1
DA:25,1
DA:26,1
DA:27,1
DA:31,1
DA:32,1
DA:33,1
DA:34,1
DA:38,1
DA:39,1
DA:40,1
DA:41,1
DA:45,1
DA:47,1
DA:48,92
DA:49,92
DA:50,92
DA:51,92
DA:54,1
DA:55,3
DA:56,3
DA:57,3
DA:58,3
DA:59,9
DA:60,3
DA:63,1
DA:64,798
DA:65,2394
DA:68,1
DA:69,9
DA:70,9
DA:71,9
DA:72,6
DA:73,6
DA:74,6
DA:75,6
DA:76,6
DA:79,3
DA:84,1
DA:85,9
DA:86,3
DA:87,3
DA:88,6
DA:89,6
DA:90,6
DA:91,6
DA:92,6
DA:93,6
DA:94,6
DA:95,0
DA:98,6
DA:99,27
DA:100,27
DA:101,27
DA:102,27
DA:104,6
DA:105,6
DA:106,6
DA:107,6
DA:108,6
DA:109,6
DA:114,1
DA:115,1
DA:116,3
DA:117,3
DA:120,1
DA:121,1
DA:122,1
DA:123,1
DA:124,1
DA:125,1
DA:126,1
DA:127,1
DA:128,1
DA:129,1
DA:130,1
DA:134,1
DA:135,81
DA:136,81
DA:137,81
LF:87
LH:86
BRDA:69,0,0,9
BRDA:69,0,1,0
BRDA:71,1,0,6
BRDA:71,1,1,3
BRDA:85,2,0,3
BRDA:85,2,1,6
BRF:6
BRH:5
end_of_record
TN:
SF:/Users/yangxiaomei/Projects/Studiosity/guppy/src/symbols.js
FN:4,(anonymous_0)
FN:9,(anonymous_1)
FN:26,(anonymous_2)
FN:32,(anonymous_3)
FN:67,(anonymous_4)
FN:79,(anonymous_5)
FN:121,(anonymous_6)
FN:133,(anonymous_7)
FNF:8
FNH:7
FNDA:59,(anonymous_0)
FNDA:482,(anonymous_1)
FNDA:45,(anonymous_2)
FNDA:1,(anonymous_3)
FNDA:0,(anonymous_4)
FNDA:361,(anonymous_5)
FNDA:81,(anonymous_6)
FNDA:133,(anonymous_7)
DA:2,1
DA:4,1
DA:5,59
DA:6,59
DA:9,1
DA:10,482
DA:11,482
DA:12,263
DA:13,263
DA:14,387
DA:16,263
DA:19,219
DA:20,423
DA:22,219
DA:26,1
DA:27,45
DA:28,1429
DA:32,1
DA:33,1
DA:34,1
DA:35,1
DA:36,1
DA:37,1
DA:38,1
DA:39,1
DA:40,1
DA:41,7
DA:43,1
DA:45,1
DA:46,29
DA:47,5
DA:48,57
DA:49,57
DA:50,57
DA:51,47
DA:52,47
DA:55,10
DA:56,10
DA:58,57
DA:62,24
DA:67,1
DA:68,0
DA:69,0
DA:70,0
DA:71,0
DA:79,1
DA:80,361
DA:81,361
DA:82,361
DA:83,382
DA:84,382
DA:86,361
DA:87,361
DA:88,382
DA:103,382
DA:104,382
DA:105,382
DA:106,382
DA:107,1440
DA:108,461
DA:109,461
DA:110,1440
DA:111,1440
DA:112,1440
DA:114,382
DA:115,382
DA:116,382
DA:118,361
DA:121,1
DA:122,81
DA:123,81
DA:124,81
DA:125,181
DA:126,131
DA:128,50
DA:130,81
DA:133,1
DA:138,133
DA:139,133
DA:140,266
DA:142,133
DA:143,27
DA:144,27
DA:148,133
DA:152,133
DA:153,280
DA:154,280
DA:156,280
DA:157,280
DA:158,944
DA:159,612
DA:162,332
DA:163,332
DA:164,332
DA:165,332
DA:166,332
DA:167,332
DA:168,332
DA:171,280
DA:174,133
DA:175,148
DA:177,148
DA:178,4
DA:179,4
DA:180,4
DA:181,7
DA:183,144
DA:184,60
DA:185,60
DA:186,60
DA:187,86
DA:188,60
DA:191,84
DA:192,84
DA:193,84
DA:194,84
DA:195,84
DA:196,84
DA:197,30
DA:198,30
DA:199,30
DA:200,30
DA:202,84
DA:204,148
DA:205,148
DA:206,129
DA:207,390
DA:211,133
LF:128
LH:124
BRDA:11,0,0,263
BRDA:11,0,1,219
BRDA:28,1,0,45
BRDA:28,1,1,1384
BRDA:37,2,0,0
BRDA:37,2,1,1
BRDA:37,3,0,1
BRDA:37,3,1,1
BRDA:39,4,0,1
BRDA:39,4,1,0
BRDA:46,5,0,5
BRDA:46,5,1,24
BRDA:50,6,0,47
BRDA:50,6,1,10
BRDA:69,7,0,0
BRDA:69,7,1,0
BRDA:70,8,0,0
BRDA:70,8,1,0
BRDA:71,9,0,0
BRDA:71,9,1,0
BRDA:86,10,0,250
BRDA:86,10,1,111
BRDA:106,11,0,1822
BRDA:106,11,1,1440
BRDA:107,12,0,461
BRDA:107,12,1,979
BRDA:108,13,0,79
BRDA:108,13,1,382
BRDA:110,14,0,136
BRDA:110,14,1,1304
BRDA:111,15,0,79
BRDA:111,15,1,1361
BRDA:115,16,0,250
BRDA:115,16,1,132
BRDA:125,17,0,131
BRDA:125,17,1,50
BRDA:142,18,0,27
BRDA:142,18,1,106
BRDA:143,19,0,27
BRDA:143,19,1,0
BRDA:144,20,0,0
BRDA:144,20,1,27
BRDA:158,21,0,612
BRDA:158,21,1,332
BRDA:159,22,0,597
BRDA:159,22,1,15
BRDA:162,23,0,148
BRDA:162,23,1,184
BRDA:165,24,0,38
BRDA:165,24,1,294
BRDA:167,25,0,100
BRDA:167,25,1,232
BRDA:167,26,0,332
BRDA:167,26,1,148
BRDA:177,27,0,4
BRDA:177,27,1,144
BRDA:177,28,0,148
BRDA:177,28,1,64
BRDA:183,29,0,60
BRDA:183,29,1,84
BRDA:204,30,0,100
BRDA:204,30,1,48
BRDA:205,31,0,129
BRDA:205,31,1,19
BRDA:205,32,0,148
BRDA:205,32,1,129
BRF:66
BRH:56
end_of_record
TN:
SF:/Users/yangxiaomei/Projects/Studiosity/guppy/src/utils.js
FN:11,(anonymous_0)
FN:15,(anonymous_1)
FN:20,(anonymous_2)
FN:28,(anonymous_3)
FN:32,(anonymous_4)
FN:39,(anonymous_5)
FN:43,(anonymous_6)
FN:47,(anonymous_7)
FNF:8
FNH:8
FNDA:60,(anonymous_0)
FNDA:60,(anonymous_1)
FNDA:6,(anonymous_2)
FNDA:4582,(anonymous_3)
FNDA:64,(anonymous_4)
FNDA:4,(anonymous_5)
FNDA:2,(anonymous_6)
FNDA:1507,(anonymous_7)
DA:1,1
DA:3,1
DA:4,1
DA:5,1
DA:6,1
DA:7,1
DA:8,1
DA:9,1
DA:11,1
DA:12,60
DA:15,1
DA:16,60
DA:17,55
DA:20,1
DA:21,6
DA:22,6
DA:23,3
DA:24,5
DA:25,3
DA:28,1
DA:29,4582
DA:32,1
DA:33,64
DA:34,192
DA:36,13
DA:39,1
DA:40,4
DA:43,1
DA:44,2
DA:47,1
DA:48,1507
DA:49,1507
DA:50,416
DA:51,89
DA:53,327
DA:54,327
DA:55,1209
DA:57,1418
LF:38
LH:38
BRDA:12,0,0,60
BRDA:12,0,1,60
BRDA:16,1,0,5
BRDA:16,1,1,55
BRDA:16,2,0,60
BRDA:16,2,1,55
BRDA:22,3,0,3
BRDA:22,3,1,3
BRDA:24,4,0,4
BRDA:24,4,1,1
BRDA:24,5,0,5
BRDA:24,5,1,5
BRDA:29,6,0,4582
BRDA:29,6,1,109
BRDA:29,6,2,17
BRDA:34,7,0,51
BRDA:34,7,1,141
BRDA:34,8,0,192
BRDA:34,8,1,146
BRDA:40,9,0,4
BRDA:40,9,1,2
BRDA:44,10,0,2
BRDA:44,10,1,1
BRDA:49,11,0,1834
BRDA:49,11,1,1509
BRDA:50,12,0,89
BRDA:50,12,1,327
BRDA:54,13,0,1536
BRDA:54,13,1,1211
BRF:29
BRH:29
end_of_record
TN:
SF:/Users/yangxiaomei/Projects/Studiosity/guppy/src/version.js
FN:6,(anonymous_0)
FN:10,(anonymous_1)
FNF:2
FNH:0
FNDA:0,(anonymous_0)
FNDA:0,(anonymous_1)
DA:1,1
DA:2,1
DA:3,1
DA:4,1
DA:6,1
DA:7,0
DA:10,1
DA:11,0
LF:8
LH:6
BRF:0
BRH:0
end_of_record
