TN:
SF:/Users/yangxiaomei/Projects/Studiosity/guppy/src/ast.js
FN:3,(anonymous_0)
FN:9,(anonymous_1)
FN:11,(anonymous_2)
FN:12,(anonymous_3)
FN:13,(anonymous_4)
FN:14,(anonymous_5)
FN:15,(anonymous_6)
FN:16,(anonymous_7)
FN:17,(anonymous_8)
FN:18,(anonymous_9)
FN:19,(anonymous_10)
FN:20,(anonymous_11)
FN:21,(anonymous_12)
FN:22,(anonymous_13)
FN:23,(anonymous_14)
FN:24,(anonymous_15)
FN:25,(anonymous_16)
FN:26,(anonymous_17)
FN:27,(anonymous_18)
FN:28,(anonymous_19)
FN:29,(anonymous_20)
FN:33,(anonymous_21)
FN:34,(anonymous_22)
FN:37,(anonymous_23)
FN:40,(anonymous_24)
FN:44,(anonymous_25)
FN:48,(anonymous_26)
FN:56,(anonymous_27)
FN:62,(anonymous_28)
FN:67,(anonymous_29)
FN:76,(anonymous_30)
FN:85,(anonymous_31)
FN:91,(anonymous_32)
FN:107,(anonymous_33)
FN:107,(anonymous_34)
FN:109,(anonymous_35)
FN:115,(anonymous_36)
FN:118,(anonymous_37)
FN:119,(anonymous_38)
FN:129,(anonymous_39)
FN:134,(anonymous_40)
FN:135,(anonymous_41)
FN:139,(anonymous_42)
FN:153,(anonymous_43)
FN:156,(anonymous_44)
FN:170,(anonymous_45)
FN:179,(anonymous_46)
FN:188,(anonymous_47)
FN:191,(anonymous_48)
FN:191,(anonymous_49)
FN:192,(anonymous_50)
FN:192,(anonymous_51)
FN:193,(anonymous_52)
FN:193,(anonymous_53)
FN:194,(anonymous_54)
FN:194,(anonymous_55)
FN:195,(anonymous_56)
FN:195,(anonymous_57)
FN:195,(anonymous_58)
FN:196,(anonymous_59)
FN:196,(anonymous_60)
FN:197,(anonymous_61)
FN:197,(anonymous_62)
FN:198,(anonymous_63)
FN:198,(anonymous_64)
FN:199,(anonymous_65)
FN:199,(anonymous_66)
FN:200,(anonymous_67)
FN:200,(anonymous_68)
FN:201,(anonymous_69)
FN:201,(anonymous_70)
FN:202,(anonymous_71)
FN:202,(anonymous_72)
FN:203,(anonymous_73)
FN:203,(anonymous_74)
FN:204,(anonymous_75)
FN:204,(anonymous_76)
FN:205,(anonymous_77)
FN:205,(anonymous_78)
FN:210,(anonymous_79)
FN:216,(anonymous_80)
FNF:81
FNH:64
FNDA:6,(anonymous_0)
FNDA:22,(anonymous_1)
FNDA:0,(anonymous_2)
FNDA:2,(anonymous_3)
FNDA:1,(anonymous_4)
FNDA:1,(anonymous_5)
FNDA:1,(anonymous_6)
FNDA:1,(anonymous_7)
FNDA:1,(anonymous_8)
FNDA:10,(anonymous_9)
FNDA:7,(anonymous_10)
FNDA:0,(anonymous_11)
FNDA:6,(anonymous_12)
FNDA:0,(anonymous_13)
FNDA:25,(anonymous_14)
FNDA:40,(anonymous_15)
FNDA:1,(anonymous_16)
FNDA:3,(anonymous_17)
FNDA:1,(anonymous_18)
FNDA:19,(anonymous_19)
FNDA:1,(anonymous_20)
FNDA:17,(anonymous_21)
FNDA:3,(anonymous_22)
FNDA:7,(anonymous_23)
FNDA:3,(anonymous_24)
FNDA:2,(anonymous_25)
FNDA:11,(anonymous_26)
FNDA:62,(anonymous_27)
FNDA:31,(anonymous_28)
FNDA:31,(anonymous_29)
FNDA:7,(anonymous_30)
FNDA:0,(anonymous_31)
FNDA:31,(anonymous_32)
FNDA:102,(anonymous_33)
FNDA:0,(anonymous_34)
FNDA:3,(anonymous_35)
FNDA:3,(anonymous_36)
FNDA:5,(anonymous_37)
FNDA:3,(anonymous_38)
FNDA:2,(anonymous_39)
FNDA:33,(anonymous_40)
FNDA:15,(anonymous_41)
FNDA:10,(anonymous_42)
FNDA:23,(anonymous_43)
FNDA:1,(anonymous_44)
FNDA:30,(anonymous_45)
FNDA:5,(anonymous_46)
FNDA:5,(anonymous_47)
FNDA:1,(anonymous_48)
FNDA:1,(anonymous_49)
FNDA:5,(anonymous_50)
FNDA:4,(anonymous_51)
FNDA:1,(anonymous_52)
FNDA:1,(anonymous_53)
FNDA:0,(anonymous_54)
FNDA:0,(anonymous_55)
FNDA:1,(anonymous_56)
FNDA:0,(anonymous_57)
FNDA:1,(anonymous_58)
FNDA:1,(anonymous_59)
FNDA:1,(anonymous_60)
FNDA:3,(anonymous_61)
FNDA:3,(anonymous_62)
FNDA:13,(anonymous_63)
FNDA:10,(anonymous_64)
FNDA:3,(anonymous_65)
FNDA:2,(anonymous_66)
FNDA:1,(anonymous_67)
FNDA:1,(anonymous_68)
FNDA:0,(anonymous_69)
FNDA:0,(anonymous_70)
FNDA:0,(anonymous_71)
FNDA:0,(anonymous_72)
FNDA:1,(anonymous_73)
FNDA:1,(anonymous_74)
FNDA:0,(anonymous_75)
FNDA:0,(anonymous_76)
FNDA:0,(anonymous_77)
FNDA:0,(anonymous_78)
FNDA:251,(anonymous_79)
FNDA:0,(anonymous_80)
DA:1,1
DA:3,1
DA:4,6
DA:5,6
DA:6,3
DA:9,1
DA:10,22
DA:11,22
DA:12,22
DA:13,22
DA:14,22
DA:15,22
DA:16,22
DA:17,22
DA:18,22
DA:19,22
DA:20,22
DA:21,22
DA:22,22
DA:23,25
DA:24,40
DA:25,22
DA:26,22
DA:27,22
DA:28,22
DA:29,22
DA:30,22
DA:33,1
DA:34,17
DA:35,3
DA:37,17
DA:38,7
DA:40,17
DA:41,3
DA:42,3
DA:44,17
DA:45,2
DA:46,2
DA:48,17
DA:49,11
DA:50,11
DA:51,11
DA:52,11
DA:53,18
DA:56,17
DA:57,62
DA:58,62
DA:59,217
DA:62,17
DA:63,31
DA:64,585
DA:67,17
DA:68,31
DA:69,31
DA:70,39
DA:71,39
DA:72,51
DA:74,31
DA:76,17
DA:77,7
DA:78,7
DA:79,7
DA:80,7
DA:81,1
DA:83,6
DA:85,17
DA:86,0
DA:87,0
DA:88,0
DA:89,0
DA:91,17
DA:92,31
DA:93,31
DA:94,31
DA:95,31
DA:96,31
DA:97,31
DA:98,31
DA:99,31
DA:100,31
DA:101,31
DA:103,17
DA:105,17
DA:106,17
DA:107,102
DA:109,17
DA:110,3
DA:111,3
DA:112,3
DA:113,3
DA:115,17
DA:116,3
DA:118,17
DA:119,17
DA:120,3
DA:121,1
DA:122,1
DA:123,1
DA:126,2
DA:129,17
DA:130,2
DA:131,2
DA:132,2
DA:134,33
DA:135,17
DA:136,15
DA:137,3
DA:139,17
DA:140,10
DA:141,10
DA:142,20
DA:144,10
DA:145,10
DA:153,17
DA:154,23
DA:156,17
DA:157,1
DA:158,1
DA:159,1
DA:161,17
DA:162,17
DA:163,17
DA:164,51
DA:166,17
DA:170,1
DA:171,30
DA:172,30
DA:173,30
DA:174,30
DA:175,25
DA:176,14
DA:179,1
DA:180,5
DA:181,5
DA:182,5
DA:183,13
DA:184,11
DA:185,5
DA:188,1
DA:189,5
DA:190,5
DA:191,5
DA:192,5
DA:193,5
DA:194,5
DA:195,5
DA:196,5
DA:197,5
DA:198,13
DA:199,5
DA:200,5
DA:201,5
DA:202,5
DA:203,5
DA:204,5
DA:205,5
DA:206,75
DA:207,5
DA:210,1
DA:211,251
DA:212,2
DA:215,249
DA:216,249
DA:217,249
DA:220,249
DA:221,249
DA:222,337
DA:223,206
DA:226,131
DA:229,249
DA:230,249
DA:231,42
DA:233,249
LF:173
LH:169
BRDA:5,0,0,3
BRDA:5,0,1,3
BRDA:5,1,0,6
BRDA:5,1,1,6
BRDA:22,2,0,0
BRDA:22,2,1,0
BRDA:59,3,0,63
BRDA:59,3,1,154
BRDA:64,4,0,31
BRDA:64,4,1,554
BRDA:71,5,0,4
BRDA:71,5,1,35
BRDA:80,6,0,1
BRDA:80,6,1,6
BRDA:80,7,0,7
BRDA:80,7,1,3
BRDA:80,7,2,2
BRDA:80,7,3,0
BRDA:93,8,0,0
BRDA:93,8,1,31
BRDA:111,9,0,1
BRDA:111,9,1,2
BRDA:111,10,0,3
BRDA:111,10,1,2
BRDA:120,11,0,1
BRDA:120,11,1,2
BRDA:136,12,0,12
BRDA:136,12,1,3
BRDA:171,13,0,0
BRDA:171,13,1,30
BRDA:173,14,0,13
BRDA:173,14,1,17
BRDA:174,15,0,16
BRDA:174,15,1,14
BRDA:174,16,0,30
BRDA:174,16,1,17
BRDA:189,17,0,5
BRDA:189,17,1,5
BRDA:195,18,0,0
BRDA:195,18,1,1
BRDA:198,19,0,0
BRDA:198,19,1,10
BRDA:198,20,0,0
BRDA:198,20,1,10
BRDA:206,21,0,75
BRDA:206,21,1,0
BRDA:211,22,0,2
BRDA:211,22,1,249
BRDA:211,23,0,251
BRDA:211,23,1,2
BRDA:216,24,0,6
BRDA:216,24,1,243
BRDA:217,25,0,0
BRDA:217,25,1,249
BRDA:222,26,0,206
BRDA:222,26,1,131
BRDA:230,27,0,207
BRDA:230,27,1,42
BRDA:231,28,0,42
BRDA:231,28,1,0
BRF:60
BRH:49
end_of_record
TN:
SF:/Users/yangxiaomei/Projects/Studiosity/guppy/src/doc.js
FN:16,(anonymous_0)
FN:28,(anonymous_1)
FN:38,(anonymous_2)
FN:45,(anonymous_3)
FN:58,(anonymous_4)
FN:68,(anonymous_5)
FN:88,(anonymous_6)
FN:92,(anonymous_7)
FN:97,(anonymous_8)
FN:102,(anonymous_9)
FN:113,(anonymous_10)
FN:157,(anonymous_11)
FN:162,(anonymous_12)
FN:173,(anonymous_13)
FN:177,(anonymous_14)
FN:191,(anonymous_15)
FN:196,(anonymous_16)
FN:217,(anonymous_17)
FN:246,(anonymous_18)
FN:273,(anonymous_19)
FN:295,(anonymous_20)
FN:366,(anonymous_21)
FNF:22
FNH:18
FNDA:208,(anonymous_0)
FNDA:797,(anonymous_1)
FNDA:222,(anonymous_2)
FNDA:202,(anonymous_3)
FNDA:3411,(anonymous_4)
FNDA:1426,(anonymous_5)
FNDA:1,(anonymous_6)
FNDA:11,(anonymous_7)
FNDA:2,(anonymous_8)
FNDA:17,(anonymous_9)
FNDA:229,(anonymous_10)
FNDA:896,(anonymous_11)
FNDA:87,(anonymous_12)
FNDA:1,(anonymous_13)
FNDA:0,(anonymous_14)
FNDA:205,(anonymous_15)
FNDA:192,(anonymous_16)
FNDA:8071,(anonymous_17)
FNDA:398,(anonymous_18)
FNDA:0,(anonymous_19)
FNDA:0,(anonymous_20)
FNDA:0,(anonymous_21)
DA:16,1
DA:17,208
DA:18,208
DA:19,3
DA:20,3
DA:21,0
DA:22,208
DA:23,0
DA:25,208
DA:28,1
DA:29,797
DA:30,797
DA:31,113
DA:32,112
DA:33,360
DA:35,796
DA:38,1
DA:39,222
DA:40,222
DA:41,306
DA:45,1
DA:46,202
DA:47,134
DA:48,134
DA:49,29
DA:58,1
DA:59,3411
DA:68,1
DA:69,1426
DA:70,1424
DA:71,1406
DA:72,1384
DA:73,1379
DA:74,1376
DA:88,1
DA:89,1
DA:92,1
DA:93,11
DA:94,11
DA:97,1
DA:98,2
DA:99,2
DA:102,1
DA:103,17
DA:104,1
DA:106,17
DA:107,17
DA:108,17
DA:109,17
DA:110,17
DA:113,1
DA:114,229
DA:115,229
DA:116,76
DA:117,76
DA:118,76
DA:119,76
DA:120,76
DA:121,55
DA:123,76
DA:124,76
DA:127,78
DA:130,153
DA:131,13
DA:132,13
DA:133,26
DA:135,13
DA:137,140
DA:138,140
DA:139,0
DA:142,140
DA:143,140
DA:144,292
DA:145,216
DA:147,76
DA:148,76
DA:151,140
DA:154,229
DA:157,1
DA:158,896
DA:159,896
DA:162,1
DA:163,87
DA:164,87
DA:173,1
DA:174,1
DA:175,1
DA:176,1
DA:177,1
DA:178,1
DA:179,1
DA:180,3
DA:181,1
DA:182,3
DA:183,1
DA:191,1
DA:192,205
DA:193,205
DA:196,1
DA:197,192
DA:198,192
DA:199,192
DA:200,25
DA:201,25
DA:202,25
DA:204,73
DA:205,25
DA:206,6
DA:208,167
DA:209,167
DA:210,167
DA:211,125
DA:212,116
DA:214,2
DA:217,1
DA:218,8071
DA:219,8071
DA:220,8071
DA:221,8071
DA:222,8071
DA:223,3422
DA:224,3276
DA:227,146
DA:230,4649
DA:231,831
DA:232,831
DA:233,831
DA:235,3818
DA:236,831
DA:237,831
DA:238,831
DA:239,831
DA:240,2725
DA:241,831
DA:242,2746
DA:243,987
DA:244,987
DA:245,156
DA:246,156
DA:247,398
DA:248,398
DA:250,156
DA:252,831
DA:256,2987
DA:257,398
DA:258,398
DA:259,398
DA:260,624
DA:263,2589
DA:264,2589
DA:265,4249
DA:266,2589
DA:267,53
DA:270,8071
DA:273,1
DA:274,0
DA:275,0
DA:276,0
DA:277,0
DA:278,0
DA:279,0
DA:280,0
DA:281,0
DA:282,0
DA:283,0
DA:284,0
DA:285,0
DA:286,0
DA:287,0
DA:288,0
DA:289,0
DA:290,0
DA:295,0
DA:296,0
DA:297,0
DA:298,0
DA:299,0
DA:302,0
DA:303,0
DA:305,0
DA:306,0
DA:308,0
DA:309,0
DA:310,0
DA:311,0
DA:312,0
DA:313,0
DA:314,0
DA:315,0
DA:318,0
DA:319,0
DA:320,0
DA:321,0
DA:322,0
DA:323,0
DA:325,0
DA:327,0
DA:330,0
DA:333,0
DA:335,0
DA:336,0
DA:337,0
DA:338,0
DA:339,0
DA:340,0
DA:341,0
DA:342,0
DA:344,0
DA:346,0
DA:348,0
DA:353,0
DA:354,0
DA:356,0
DA:366,1
DA:367,0
DA:368,0
DA:369,0
DA:370,0
LF:218
LH:153
BRDA:17,0,0,208
BRDA:17,0,1,205
BRDA:18,1,0,205
BRDA:18,1,1,3
BRDA:18,2,0,205
BRDA:18,2,1,100
BRDA:19,3,0,0
BRDA:19,3,1,3
BRDA:20,4,0,3
BRDA:20,4,1,0
BRDA:21,5,0,0
BRDA:21,5,1,0
BRDA:22,6,0,0
BRDA:22,6,1,208
BRDA:22,7,0,208
BRDA:22,7,1,0
BRDA:30,8,0,909
BRDA:30,8,1,810
BRDA:31,9,0,1
BRDA:31,9,1,112
BRDA:33,10,0,472
BRDA:33,10,1,374
BRDA:41,11,0,187
BRDA:41,11,1,119
BRDA:46,12,0,68
BRDA:46,12,1,134
BRDA:48,13,0,105
BRDA:48,13,1,29
BRDA:48,14,0,134
BRDA:48,14,1,134
BRDA:48,14,2,134
BRDA:69,15,0,2
BRDA:69,15,1,1424
BRDA:70,16,0,18
BRDA:70,16,1,1406
BRDA:71,17,0,22
BRDA:71,17,1,1384
BRDA:72,18,0,5
BRDA:72,18,1,1379
BRDA:73,19,0,3
BRDA:73,19,1,1376
BRDA:103,20,0,1
BRDA:103,20,1,16
BRDA:106,21,0,17
BRDA:106,21,1,3
BRDA:107,22,0,17
BRDA:107,22,1,17
BRDA:114,23,0,229
BRDA:114,23,1,49
BRDA:115,24,0,76
BRDA:115,24,1,153
BRDA:119,25,0,0
BRDA:119,25,1,76
BRDA:120,26,0,21
BRDA:120,26,1,55
BRDA:121,27,0,8
BRDA:121,27,1,47
BRDA:130,28,0,13
BRDA:130,28,1,140
BRDA:137,29,0,140
BRDA:137,29,1,0
BRDA:137,30,0,140
BRDA:137,30,1,49
BRDA:138,31,0,0
BRDA:138,31,1,140
BRDA:138,32,0,140
BRDA:138,32,1,0
BRDA:144,33,0,216
BRDA:144,33,1,76
BRDA:147,34,0,76
BRDA:147,34,1,0
BRDA:158,35,0,896
BRDA:158,35,1,6
BRDA:163,36,0,87
BRDA:163,36,1,1
BRDA:177,37,0,0
BRDA:177,37,1,1
BRDA:199,38,0,25
BRDA:199,38,1,167
BRDA:199,39,0,192
BRDA:199,39,1,25
BRDA:199,39,2,25
BRDA:204,40,0,23
BRDA:204,40,1,50
BRDA:205,41,0,19
BRDA:205,41,1,6
BRDA:205,42,0,25
BRDA:205,42,1,19
BRDA:206,43,0,4
BRDA:206,43,1,2
BRDA:206,44,0,6
BRDA:206,44,1,4
BRDA:206,44,2,4
BRDA:206,44,3,4
BRDA:206,44,4,4
BRDA:208,45,0,167
BRDA:208,45,1,0
BRDA:210,46,0,42
BRDA:210,46,1,125
BRDA:210,47,0,167
BRDA:210,47,1,42
BRDA:211,48,0,9
BRDA:211,48,1,116
BRDA:211,49,0,125
BRDA:211,49,1,116
BRDA:221,50,0,7728
BRDA:221,50,1,343
BRDA:222,51,0,3422
BRDA:222,51,1,4649
BRDA:223,52,0,3276
BRDA:223,52,1,146
BRDA:223,53,0,3422
BRDA:223,53,1,3284
BRDA:230,54,0,831
BRDA:230,54,1,3818
BRDA:231,55,0,1
BRDA:231,55,1,830
BRDA:231,56,0,831
BRDA:231,56,1,797
BRDA:232,57,0,831
BRDA:232,57,1,1
BRDA:233,58,0,831
BRDA:233,58,1,0
BRDA:235,59,0,831
BRDA:235,59,1,2987
BRDA:240,60,0,987
BRDA:240,60,1,1738
BRDA:240,61,0,2725
BRDA:240,61,1,1894
BRDA:242,62,0,1759
BRDA:242,62,1,987
BRDA:243,63,0,987
BRDA:243,63,1,0
BRDA:244,64,0,156
BRDA:244,64,1,831
BRDA:247,65,0,154
BRDA:247,65,1,244
BRDA:256,66,0,398
BRDA:256,66,1,2589
BRDA:263,67,0,2589
BRDA:263,67,1,0
BRDA:263,68,0,2589
BRDA:263,68,1,1376
BRDA:266,69,0,53
BRDA:266,69,1,2536
BRDA:266,70,0,2589
BRDA:266,70,1,2485
BRDA:266,70,2,192
BRDA:275,71,0,0
BRDA:275,71,1,0
BRDA:275,72,0,0
BRDA:275,72,1,0
BRDA:278,73,0,0
BRDA:278,73,1,0
BRDA:296,74,0,0
BRDA:296,74,1,0
BRDA:299,75,0,0
BRDA:299,75,1,0
BRDA:299,75,2,0
BRDA:302,76,0,0
BRDA:302,76,1,0
BRDA:302,77,0,0
BRDA:302,77,1,0
BRDA:302,77,2,0
BRDA:312,78,0,0
BRDA:312,78,1,0
BRDA:353,79,0,0
BRDA:353,79,1,0
BRDA:354,80,0,0
BRDA:354,80,1,0
BRF:170
BRH:132
end_of_record
TN:
SF:/Users/yangxiaomei/Projects/Studiosity/guppy/src/engine.js
FN:7,(anonymous_0)
FN:8,(anonymous_1)
FN:9,(anonymous_2)
FN:20,(anonymous_3)
FN:44,(anonymous_4)
FN:48,(anonymous_5)
FN:57,(anonymous_6)
FN:66,(anonymous_7)
FN:75,(anonymous_8)
FN:87,(anonymous_9)
FN:92,(anonymous_10)
FN:97,(anonymous_11)
FN:102,(anonymous_12)
FN:115,(anonymous_13)
FN:129,(anonymous_14)
FN:133,(anonymous_15)
FN:153,(anonymous_16)
FN:157,(anonymous_17)
FN:161,(anonymous_18)
FN:176,(anonymous_19)
FN:262,(anonymous_20)
FN:276,(anonymous_21)
FN:285,(anonymous_22)
FN:303,(anonymous_23)
FN:318,(anonymous_24)
FN:322,(anonymous_25)
FN:332,(anonymous_26)
FN:439,(anonymous_27)
FN:470,(anonymous_28)
FN:482,(anonymous_29)
FN:495,(anonymous_30)
FN:504,(anonymous_31)
FN:513,(anonymous_32)
FN:535,(anonymous_33)
FN:555,(anonymous_34)
FN:571,(anonymous_35)
FN:601,(anonymous_36)
FN:615,(anonymous_37)
FN:625,(anonymous_38)
FN:655,(anonymous_39)
FN:669,(anonymous_40)
FN:694,(anonymous_41)
FN:707,(anonymous_42)
FN:732,(anonymous_43)
FN:733,(anonymous_44)
FN:734,(anonymous_45)
FN:735,(anonymous_46)
FN:736,(anonymous_47)
FN:737,(anonymous_48)
FN:738,(anonymous_49)
FN:739,(anonymous_50)
FN:747,(anonymous_51)
FN:781,(anonymous_52)
FN:852,(anonymous_53)
FN:895,(anonymous_54)
FN:921,(anonymous_55)
FN:949,(anonymous_56)
FN:970,(anonymous_57)
FN:979,(anonymous_58)
FN:996,(anonymous_59)
FN:1014,(anonymous_60)
FN:1064,(anonymous_61)
FN:1088,(anonymous_62)
FN:1103,(anonymous_63)
FN:1114,(anonymous_64)
FN:1123,(anonymous_65)
FN:1147,(anonymous_66)
FN:1156,(anonymous_67)
FN:1176,(anonymous_68)
FN:1196,(anonymous_69)
FN:1205,(anonymous_70)
FN:1210,(anonymous_71)
FN:1224,(anonymous_72)
FN:1231,(anonymous_73)
FN:1240,(anonymous_74)
FN:1254,(anonymous_75)
FN:1268,(anonymous_76)
FN:1277,(anonymous_77)
FN:1285,(anonymous_78)
FN:1292,(anonymous_79)
FN:1309,(anonymous_80)
FN:1313,(anonymous_81)
FN:1320,(anonymous_82)
FNF:83
FNH:77
FNDA:413,(anonymous_0)
FNDA:5,(anonymous_1)
FNDA:0,(anonymous_2)
FNDA:100,(anonymous_3)
FNDA:2187,(anonymous_4)
FNDA:1077,(anonymous_5)
FNDA:1425,(anonymous_6)
FNDA:104,(anonymous_7)
FNDA:118,(anonymous_8)
FNDA:8,(anonymous_9)
FNDA:2,(anonymous_10)
FNDA:4,(anonymous_11)
FNDA:1077,(anonymous_12)
FNDA:1,(anonymous_13)
FNDA:1,(anonymous_14)
FNDA:3,(anonymous_15)
FNDA:11,(anonymous_16)
FNDA:14,(anonymous_17)
FNDA:6917,(anonymous_18)
FNDA:6917,(anonymous_19)
FNDA:10712,(anonymous_20)
FNDA:15,(anonymous_21)
FNDA:68,(anonymous_22)
FNDA:4,(anonymous_23)
FNDA:95,(anonymous_24)
FNDA:0,(anonymous_25)
FNDA:95,(anonymous_26)
FNDA:13,(anonymous_27)
FNDA:259,(anonymous_28)
FNDA:413,(anonymous_29)
FNDA:1,(anonymous_30)
FNDA:3,(anonymous_31)
FNDA:1,(anonymous_32)
FNDA:3,(anonymous_33)
FNDA:2,(anonymous_34)
FNDA:8,(anonymous_35)
FNDA:3,(anonymous_36)
FNDA:203,(anonymous_37)
FNDA:11,(anonymous_38)
FNDA:1,(anonymous_39)
FNDA:10,(anonymous_40)
FNDA:16,(anonymous_41)
FNDA:4,(anonymous_42)
FNDA:1,(anonymous_43)
FNDA:2,(anonymous_44)
FNDA:5,(anonymous_45)
FNDA:1,(anonymous_46)
FNDA:1,(anonymous_47)
FNDA:5,(anonymous_48)
FNDA:3,(anonymous_49)
FNDA:1,(anonymous_50)
FNDA:2,(anonymous_51)
FNDA:19,(anonymous_52)
FNDA:1,(anonymous_53)
FNDA:1,(anonymous_54)
FNDA:1,(anonymous_55)
FNDA:49,(anonymous_56)
FNDA:2,(anonymous_57)
FNDA:17,(anonymous_58)
FNDA:2,(anonymous_59)
FNDA:6,(anonymous_60)
FNDA:3,(anonymous_61)
FNDA:8,(anonymous_62)
FNDA:3,(anonymous_63)
FNDA:0,(anonymous_64)
FNDA:1,(anonymous_65)
FNDA:4,(anonymous_66)
FNDA:1,(anonymous_67)
FNDA:3,(anonymous_68)
FNDA:3,(anonymous_69)
FNDA:1,(anonymous_70)
FNDA:763,(anonymous_71)
FNDA:6,(anonymous_72)
FNDA:6,(anonymous_73)
FNDA:7,(anonymous_74)
FNDA:2,(anonymous_75)
FNDA:1,(anonymous_76)
FNDA:0,(anonymous_77)
FNDA:0,(anonymous_78)
FNDA:0,(anonymous_79)
FNDA:1,(anonymous_80)
FNDA:95,(anonymous_81)
FNDA:411,(anonymous_82)
DA:7,413
DA:8,5
DA:9,1
DA:20,1
DA:21,100
DA:22,100
DA:23,100
DA:24,100
DA:25,100
DA:26,100
DA:27,100
DA:28,100
DA:29,100
DA:30,100
DA:31,100
DA:32,100
DA:33,100
DA:34,100
DA:35,100
DA:38,1
DA:39,1
DA:40,1
DA:41,1
DA:42,1
DA:44,1
DA:45,2187
DA:48,1
DA:49,1077
DA:57,1
DA:58,1425
DA:66,1
DA:67,104
DA:75,1
DA:76,118
DA:77,118
DA:78,118
DA:79,118
DA:80,118
DA:81,118
DA:82,118
DA:83,118
DA:84,118
DA:87,1
DA:88,8
DA:89,8
DA:92,1
DA:93,2
DA:94,2
DA:97,1
DA:98,4
DA:99,4
DA:102,1
DA:103,1077
DA:104,1077
DA:105,1077
DA:106,1077
DA:107,1077
DA:115,1
DA:116,1
DA:129,1
DA:130,1
DA:133,1
DA:134,3
DA:135,1
DA:136,1
DA:137,1
DA:139,2
DA:140,1
DA:141,1
DA:142,1
DA:143,1
DA:145,1
DA:146,1
DA:147,1
DA:148,1
DA:149,1
DA:153,1
DA:154,11
DA:157,1
DA:158,14
DA:161,1
DA:162,6917
DA:163,3276
DA:166,3641
DA:167,3641
DA:168,7252
DA:169,6098
DA:170,5304
DA:171,4939
DA:176,1
DA:177,6917
DA:178,3276
DA:179,3276
DA:181,3276
DA:182,3276
DA:183,3276
DA:184,3276
DA:185,67
DA:186,67
DA:187,13
DA:190,54
DA:192,67
DA:193,67
DA:195,3276
DA:196,3276
DA:197,3276
DA:198,1696
DA:199,639
DA:200,564
DA:201,564
DA:204,75
DA:205,75
DA:206,0
DA:208,75
DA:211,1057
DA:218,975
DA:221,3276
DA:222,5752
DA:223,764
DA:224,764
DA:225,81
DA:227,683
DA:229,764
DA:230,7
DA:231,757
DA:232,14
DA:233,764
DA:235,4988
DA:236,21
DA:238,4967
DA:239,5
DA:240,5
DA:241,0
DA:244,5
DA:245,5
DA:247,5752
DA:249,3276
DA:250,0
DA:252,3276
DA:253,3276
DA:256,3641
DA:257,7252
DA:262,1
DA:263,10712
DA:264,3276
DA:265,3276
DA:266,3276
DA:267,3276
DA:270,7436
DA:271,13023
DA:276,1
DA:277,15
DA:278,30
DA:279,15
DA:280,30
DA:281,15
DA:285,1
DA:286,68
DA:287,68
DA:288,180
DA:290,68
DA:293,53
DA:294,53
DA:295,0
DA:296,0
DA:298,53
DA:300,15
DA:303,1
DA:304,4
DA:305,4
DA:306,4
DA:307,4
DA:308,4
DA:309,4
DA:310,4
DA:311,4
DA:312,4
DA:313,4
DA:314,4
DA:315,4
DA:318,1
DA:319,95
DA:322,1
DA:323,0
DA:332,1
DA:333,95
DA:334,95
DA:335,0
DA:337,95
DA:339,95
DA:340,95
DA:341,95
DA:342,95
DA:345,95
DA:346,25
DA:347,25
DA:348,1
DA:349,1
DA:350,1
DA:351,1
DA:352,1
DA:354,24
DA:356,24
DA:357,5
DA:358,5
DA:359,5
DA:360,5
DA:365,19
DA:366,19
DA:367,19
DA:368,19
DA:369,19
DA:370,19
DA:371,19
DA:376,95
DA:377,70
DA:378,0
DA:379,0
DA:380,0
DA:381,0
DA:382,0
DA:385,70
DA:386,70
DA:387,70
DA:402,95
DA:403,95
DA:405,95
DA:407,95
DA:409,95
DA:410,5
DA:413,90
DA:415,90
DA:416,71
DA:417,71
DA:419,90
DA:420,90
DA:421,90
DA:424,95
DA:425,95
DA:426,95
DA:427,27
DA:430,68
DA:431,68
DA:434,95
DA:435,95
DA:436,95
DA:439,1
DA:440,13
DA:441,3
DA:443,10
DA:444,10
DA:445,10
DA:447,10
DA:448,6
DA:453,4
DA:454,4
DA:455,4
DA:456,4
DA:457,4
DA:458,4
DA:459,4
DA:460,4
DA:461,4
DA:463,4
DA:464,4
DA:470,1
DA:471,259
DA:472,259
DA:473,259
DA:474,259
DA:482,1
DA:483,413
DA:484,413
DA:485,4
DA:486,4
DA:488,413
DA:489,413
DA:490,413
DA:491,413
DA:492,413
DA:493,413
DA:494,4
DA:495,4
DA:504,1
DA:505,3
DA:513,1
DA:514,1
DA:515,1
DA:516,1
DA:517,1
DA:518,1
DA:519,1
DA:520,1
DA:521,1
DA:522,1
DA:524,1
DA:525,1
DA:526,1
DA:529,0
DA:532,1
DA:535,1
DA:536,3
DA:537,0
DA:538,3
DA:539,3
DA:540,3
DA:541,3
DA:542,3
DA:543,3
DA:544,3
DA:545,3
DA:546,0
DA:547,3
DA:555,1
DA:556,2
DA:557,2
DA:558,2
DA:559,2
DA:560,2
DA:561,2
DA:562,4
DA:563,4
DA:564,4
DA:566,2
DA:567,2
DA:568,2
DA:571,1
DA:572,8
DA:573,8
DA:574,14
DA:577,8
DA:578,5
DA:579,5
DA:582,3
DA:583,3
DA:584,3
DA:585,3
DA:587,0
DA:588,3
DA:589,3
DA:590,3
DA:591,3
DA:592,3
DA:601,1
DA:602,3
DA:603,3
DA:604,3
DA:605,3
DA:606,3
DA:607,3
DA:615,1
DA:616,203
DA:617,203
DA:618,203
DA:625,1
DA:626,11
DA:627,11
DA:628,8
DA:629,8
DA:630,8
DA:631,16
DA:632,16
DA:634,8
DA:635,7
DA:636,5
DA:638,2
DA:640,1
DA:641,1
DA:642,0
DA:644,1
DA:646,8
DA:647,8
DA:648,8
DA:655,1
DA:656,1
DA:657,1
DA:658,1
DA:659,1
DA:660,1
DA:661,1
DA:669,1
DA:670,10
DA:671,5
DA:672,5
DA:674,10
DA:675,1
DA:676,1
DA:677,1
DA:678,1
DA:679,1
DA:682,0
DA:686,9
DA:687,9
DA:689,10
DA:690,0
DA:694,1
DA:695,16
DA:696,16
DA:697,5
DA:698,11
DA:699,11
DA:707,1
DA:708,4
DA:709,2
DA:710,2
DA:712,4
DA:713,0
DA:714,0
DA:715,0
DA:716,0
DA:717,0
DA:720,0
DA:724,4
DA:725,4
DA:727,4
DA:728,0
DA:732,1
DA:733,2
DA:734,5
DA:735,1
DA:736,1
DA:737,5
DA:738,3
DA:739,1
DA:747,1
DA:748,2
DA:749,2
DA:750,2
DA:752,2
DA:753,2
DA:754,2
DA:755,2
DA:756,0
DA:757,0
DA:759,2
DA:760,2
DA:761,2
DA:762,2
DA:763,2
DA:764,0
DA:765,0
DA:767,2
DA:768,2
DA:781,1
DA:782,19
DA:783,19
DA:784,19
DA:785,19
DA:786,19
DA:787,19
DA:788,29
DA:790,19
DA:794,19
DA:795,9
DA:796,9
DA:797,9
DA:798,9
DA:799,9
DA:800,0
DA:801,0
DA:803,9
DA:804,9
DA:805,9
DA:806,9
DA:807,0
DA:808,9
DA:809,9
DA:810,9
DA:811,6
DA:812,9
DA:814,9
DA:815,9
DA:816,9
DA:817,9
DA:818,9
DA:821,10
DA:822,4
DA:825,6
DA:826,6
DA:827,6
DA:828,6
DA:829,10
DA:830,10
DA:831,10
DA:835,0
DA:836,0
DA:839,10
DA:840,10
DA:841,10
DA:842,10
DA:843,0
DA:844,10
DA:845,10
DA:852,1
DA:853,1
DA:854,1
DA:855,3
DA:857,1
DA:860,1
DA:861,0
DA:862,0
DA:864,1
DA:865,1
DA:866,1
DA:868,0
DA:870,1
DA:871,1
DA:874,1
DA:875,0
DA:876,0
DA:878,1
DA:879,1
DA:880,1
DA:881,2
DA:882,0
DA:883,1
DA:884,2
DA:885,2
DA:886,2
DA:888,1
DA:895,1
DA:896,1
DA:897,1
DA:898,4
DA:900,1
DA:902,1
DA:903,1
DA:904,1
DA:906,0
DA:907,0
DA:908,0
DA:910,0
DA:912,1
DA:913,1
DA:914,1
DA:921,1
DA:922,1
DA:923,1
DA:924,3
DA:926,1
DA:927,1
DA:928,1
DA:929,1
DA:931,0
DA:932,0
DA:933,0
DA:935,0
DA:936,0
DA:937,0
DA:939,0
DA:940,0
DA:941,0
DA:942,0
DA:949,1
DA:950,49
DA:951,49
DA:952,38
DA:953,38
DA:954,37
DA:955,37
DA:958,1
DA:962,11
DA:970,1
DA:971,2
DA:972,2
DA:979,1
DA:980,17
DA:981,17
DA:982,9
DA:983,9
DA:984,8
DA:985,8
DA:988,1
DA:992,8
DA:996,1
DA:997,2
DA:998,2
DA:999,2
DA:1000,3
DA:1001,3
DA:1003,2
DA:1004,2
DA:1005,2
DA:1006,2
DA:1007,2
DA:1009,2
DA:1010,2
DA:1011,2
DA:1014,1
DA:1016,6
DA:1017,3
DA:1018,3
DA:1022,3
DA:1024,1
DA:1025,1
DA:1027,2
DA:1029,0
DA:1030,0
DA:1032,2
DA:1034,1
DA:1035,1
DA:1038,0
DA:1039,0
DA:1042,1
DA:1044,1
DA:1045,1
DA:1046,0
DA:1048,1
DA:1049,1
DA:1052,0
DA:1053,0
DA:1058,0
DA:1061,6
DA:1064,1
DA:1066,3
DA:1067,2
DA:1071,1
DA:1073,1
DA:1074,1
DA:1076,0
DA:1078,0
DA:1081,3
DA:1088,1
DA:1089,8
DA:1090,2
DA:1091,2
DA:1092,2
DA:1094,6
DA:1095,6
DA:1103,1
DA:1104,3
DA:1105,0
DA:1106,0
DA:1107,0
DA:1109,3
DA:1110,3
DA:1114,1
DA:1115,0
DA:1116,0
DA:1123,1
DA:1124,1
DA:1125,1
DA:1127,0
DA:1128,0
DA:1129,0
DA:1130,0
DA:1132,0
DA:1133,0
DA:1134,0
DA:1135,0
DA:1137,0
DA:1138,0
DA:1139,0
DA:1140,0
DA:1143,0
DA:1147,1
DA:1148,4
DA:1149,4
DA:1156,1
DA:1157,1
DA:1158,1
DA:1159,1
DA:1160,1
DA:1161,1
DA:1162,1
DA:1163,5
DA:1164,5
DA:1166,1
DA:1167,1
DA:1169,0
DA:1176,1
DA:1177,3
DA:1178,3
DA:1179,1
DA:1180,1
DA:1181,1
DA:1182,1
DA:1183,4
DA:1184,4
DA:1186,1
DA:1187,1
DA:1189,2
DA:1196,1
DA:1197,3
DA:1198,3
DA:1205,1
DA:1206,1
DA:1207,1
DA:1210,1
DA:1211,763
DA:1212,763
DA:1213,763
DA:1214,763
DA:1215,763
DA:1216,763
DA:1217,763
DA:1218,763
DA:1219,763
DA:1220,763
DA:1221,763
DA:1224,1
DA:1225,6
DA:1226,6
DA:1227,6
DA:1228,6
DA:1231,1
DA:1232,6
DA:1233,6
DA:1240,1
DA:1241,7
DA:1242,7
DA:1243,5
DA:1244,5
DA:1245,5
DA:1246,5
DA:1247,5
DA:1254,1
DA:1255,2
DA:1256,2
DA:1257,1
DA:1258,1
DA:1259,1
DA:1260,1
DA:1261,1
DA:1268,1
DA:1269,1
DA:1270,1
DA:1271,0
DA:1272,0
DA:1274,1
DA:1277,1
DA:1278,0
DA:1279,0
DA:1280,0
DA:1281,0
DA:1282,0
DA:1285,1
DA:1286,0
DA:1287,0
DA:1288,0
DA:1289,0
DA:1292,1
DA:1300,0
DA:1301,0
DA:1302,0
DA:1305,0
DA:1309,1
DA:1310,1
DA:1313,1
DA:1314,95
DA:1315,95
DA:1316,0
DA:1317,95
DA:1320,1
DA:1321,411
DA:1322,411
DA:1323,411
DA:1324,411
DA:1325,411
DA:1326,8
DA:1327,8
DA:1328,8
DA:1329,8
DA:1330,8
DA:1334,403
DA:1335,403
DA:1336,732
DA:1337,49
DA:1338,49
DA:1340,683
DA:1344,411
DA:1346,50
DA:1347,50
DA:1348,50
DA:1349,50
DA:1350,50
DA:1351,50
DA:1352,0
DA:1353,0
DA:1355,50
LF:780
LH:677
BRDA:45,0,0,36
BRDA:45,0,1,2151
BRDA:49,1,0,0
BRDA:49,1,1,1077
BRDA:103,2,0,1077
BRDA:103,2,1,3
BRDA:104,3,0,1077
BRDA:104,3,1,0
BRDA:107,4,0,1077
BRDA:107,4,1,0
BRDA:116,5,0,1
BRDA:116,5,1,0
BRDA:134,6,0,1
BRDA:134,6,1,2
BRDA:134,7,0,3
BRDA:134,7,1,1
BRDA:139,8,0,1
BRDA:139,8,1,1
BRDA:145,9,0,1
BRDA:145,9,1,0
BRDA:162,10,0,3276
BRDA:162,10,1,3641
BRDA:168,11,0,1154
BRDA:168,11,1,6098
BRDA:169,12,0,794
BRDA:169,12,1,5304
BRDA:170,13,0,365
BRDA:170,13,1,4939
BRDA:171,14,0,3276
BRDA:171,14,1,1663
BRDA:177,15,0,3276
BRDA:177,15,1,3641
BRDA:182,16,0,22
BRDA:182,16,1,3254
BRDA:183,17,0,45
BRDA:183,17,1,3231
BRDA:184,18,0,67
BRDA:184,18,1,3209
BRDA:185,19,0,0
BRDA:185,19,1,67
BRDA:186,20,0,13
BRDA:186,20,1,54
BRDA:186,21,0,67
BRDA:186,21,1,13
BRDA:192,22,0,45
BRDA:192,22,1,22
BRDA:193,23,0,22
BRDA:193,23,1,45
BRDA:197,24,0,1696
BRDA:197,24,1,1580
BRDA:198,25,0,639
BRDA:198,25,1,1057
BRDA:199,26,0,564
BRDA:199,26,1,75
BRDA:200,27,0,564
BRDA:200,27,1,564
BRDA:200,28,0,30
BRDA:200,28,1,534
BRDA:204,29,0,75
BRDA:204,29,1,0
BRDA:205,30,0,0
BRDA:205,30,1,75
BRDA:211,31,0,975
BRDA:211,31,1,82
BRDA:211,32,0,1057
BRDA:211,32,1,1057
BRDA:211,32,2,976
BRDA:211,32,3,12
BRDA:222,33,0,764
BRDA:222,33,1,4988
BRDA:222,34,0,5752
BRDA:222,34,1,2675
BRDA:222,34,2,1328
BRDA:222,34,3,645
BRDA:223,35,0,59
BRDA:223,35,1,705
BRDA:224,36,0,81
BRDA:224,36,1,683
BRDA:229,37,0,7
BRDA:229,37,1,757
BRDA:231,38,0,14
BRDA:231,38,1,743
BRDA:235,39,0,21
BRDA:235,39,1,4967
BRDA:235,40,0,4988
BRDA:235,40,1,125
BRDA:235,40,2,52
BRDA:238,41,0,5
BRDA:238,41,1,4962
BRDA:238,42,0,4967
BRDA:238,42,1,15
BRDA:238,42,2,5
BRDA:238,42,3,0
BRDA:239,43,0,0
BRDA:239,43,1,5
BRDA:240,44,0,0
BRDA:240,44,1,5
BRDA:247,45,0,2476
BRDA:247,45,1,3276
BRDA:249,46,0,0
BRDA:249,46,1,3276
BRDA:249,47,0,3276
BRDA:249,47,1,0
BRDA:257,48,0,5589
BRDA:257,48,1,1663
BRDA:257,49,0,7252
BRDA:257,49,1,6098
BRDA:257,49,2,5733
BRDA:257,49,3,4939
BRDA:263,50,0,3276
BRDA:263,50,1,7436
BRDA:271,51,0,9384
BRDA:271,51,1,3639
BRDA:278,52,0,45
BRDA:278,52,1,45
BRDA:278,52,2,45
BRDA:279,53,0,15
BRDA:279,53,1,0
BRDA:287,54,0,248
BRDA:287,54,1,233
BRDA:287,55,0,233
BRDA:287,55,1,77
BRDA:287,55,2,73
BRDA:290,56,0,53
BRDA:290,56,1,15
BRDA:294,57,0,0
BRDA:294,57,1,53
BRDA:294,58,0,53
BRDA:294,58,1,53
BRDA:308,59,0,4
BRDA:308,59,1,4
BRDA:333,60,0,0
BRDA:333,60,1,95
BRDA:334,61,0,0
BRDA:334,61,1,95
BRDA:334,62,0,95
BRDA:334,62,1,95
BRDA:339,63,0,25
BRDA:339,63,1,70
BRDA:345,64,0,25
BRDA:345,64,1,70
BRDA:347,65,0,1
BRDA:347,65,1,24
BRDA:354,66,0,24
BRDA:354,66,1,0
BRDA:356,67,0,5
BRDA:356,67,1,19
BRDA:356,68,0,24
BRDA:356,68,1,5
BRDA:357,69,0,5
BRDA:357,69,1,0
BRDA:366,70,0,0
BRDA:366,70,1,19
BRDA:367,71,0,19
BRDA:367,71,1,0
BRDA:367,72,0,19
BRDA:367,72,1,19
BRDA:376,73,0,70
BRDA:376,73,1,25
BRDA:376,74,0,95
BRDA:376,74,1,90
BRDA:376,74,2,20
BRDA:377,75,0,0
BRDA:377,75,1,70
BRDA:382,76,0,0
BRDA:382,76,1,0
BRDA:382,77,0,0
BRDA:382,77,1,0
BRDA:409,78,0,5
BRDA:409,78,1,90
BRDA:413,79,0,19
BRDA:413,79,1,71
BRDA:416,80,0,0
BRDA:416,80,1,71
BRDA:426,81,0,27
BRDA:426,81,1,68
BRDA:426,82,0,95
BRDA:426,82,1,69
BRDA:426,82,2,25
BRDA:440,83,0,3
BRDA:440,83,1,10
BRDA:447,84,0,6
BRDA:447,84,1,4
BRDA:458,85,0,8
BRDA:458,85,1,8
BRDA:484,86,0,4
BRDA:484,86,1,409
BRDA:491,87,0,401
BRDA:491,87,1,12
BRDA:492,88,0,8
BRDA:492,88,1,405
BRDA:493,89,0,4
BRDA:493,89,1,409
BRDA:493,90,0,413
BRDA:493,90,1,4
BRDA:494,91,0,3
BRDA:494,91,1,1
BRDA:515,92,0,0
BRDA:515,92,1,1
BRDA:518,93,0,1
BRDA:518,93,1,0
BRDA:522,94,0,1
BRDA:522,94,1,0
BRDA:524,95,0,1
BRDA:524,95,1,0
BRDA:536,96,0,0
BRDA:536,96,1,3
BRDA:536,97,0,3
BRDA:536,97,1,0
BRDA:538,98,0,3
BRDA:538,98,1,0
BRDA:538,99,0,3
BRDA:538,99,1,3
BRDA:557,100,0,0
BRDA:557,100,1,2
BRDA:564,101,0,4
BRDA:564,101,1,0
BRDA:566,102,0,2
BRDA:566,102,1,0
BRDA:577,103,0,5
BRDA:577,103,1,3
BRDA:579,104,0,4
BRDA:579,104,1,1
BRDA:584,105,0,3
BRDA:584,105,1,0
BRDA:590,106,0,3
BRDA:590,106,1,0
BRDA:604,107,0,0
BRDA:604,107,1,3
BRDA:604,108,0,3
BRDA:604,108,1,3
BRDA:627,109,0,3
BRDA:627,109,1,8
BRDA:634,110,0,7
BRDA:634,110,1,1
BRDA:635,111,0,5
BRDA:635,111,1,2
BRDA:640,112,0,1
BRDA:640,112,1,0
BRDA:641,113,0,0
BRDA:641,113,1,1
BRDA:660,114,0,1
BRDA:660,114,1,0
BRDA:660,115,0,1
BRDA:660,115,1,0
BRDA:670,116,0,5
BRDA:670,116,1,5
BRDA:674,117,0,1
BRDA:674,117,1,9
BRDA:676,118,0,1
BRDA:676,118,1,0
BRDA:689,119,0,0
BRDA:689,119,1,10
BRDA:689,120,0,10
BRDA:689,120,1,9
BRDA:695,121,0,2
BRDA:695,121,1,14
BRDA:695,122,0,16
BRDA:695,122,1,14
BRDA:696,123,0,5
BRDA:696,123,1,11
BRDA:698,124,0,11
BRDA:698,124,1,0
BRDA:708,125,0,2
BRDA:708,125,1,2
BRDA:712,126,0,0
BRDA:712,126,1,4
BRDA:714,127,0,0
BRDA:714,127,1,0
BRDA:727,128,0,0
BRDA:727,128,1,4
BRDA:727,129,0,4
BRDA:727,129,1,4
BRDA:749,130,0,4
BRDA:749,130,1,4
BRDA:749,130,2,4
BRDA:749,131,0,4
BRDA:749,131,1,2
BRDA:749,131,2,2
BRDA:752,132,0,0
BRDA:752,132,1,2
BRDA:759,133,0,2
BRDA:759,133,1,0
BRDA:760,134,0,0
BRDA:760,134,1,2
BRDA:768,135,0,2
BRDA:768,135,1,0
BRDA:783,136,0,19
BRDA:783,136,1,15
BRDA:784,137,0,19
BRDA:784,137,1,15
BRDA:785,138,0,10
BRDA:785,138,1,9
BRDA:787,139,0,48
BRDA:787,139,1,48
BRDA:787,140,0,48
BRDA:787,140,1,19
BRDA:790,141,0,0
BRDA:790,141,1,19
BRDA:794,142,0,9
BRDA:794,142,1,10
BRDA:794,143,0,19
BRDA:794,143,1,9
BRDA:810,144,0,3
BRDA:810,144,1,6
BRDA:810,145,0,2
BRDA:810,145,1,1
BRDA:811,146,0,1
BRDA:811,146,1,5
BRDA:815,147,0,3
BRDA:815,147,1,6
BRDA:821,148,0,4
BRDA:821,148,1,6
BRDA:825,149,0,6
BRDA:825,149,1,0
BRDA:840,150,0,4
BRDA:840,150,1,6
BRDA:842,151,0,10
BRDA:842,151,1,0
BRDA:854,152,0,4
BRDA:854,152,1,4
BRDA:854,152,2,4
BRDA:854,153,0,4
BRDA:854,153,1,2
BRDA:854,153,2,1
BRDA:857,154,0,0
BRDA:857,154,1,1
BRDA:860,155,0,0
BRDA:860,155,1,1
BRDA:864,156,0,1
BRDA:864,156,1,0
BRDA:897,157,0,5
BRDA:897,157,1,5
BRDA:897,158,0,5
BRDA:897,158,1,1
BRDA:900,159,0,0
BRDA:900,159,1,1
BRDA:902,160,0,1
BRDA:902,160,1,0
BRDA:906,161,0,0
BRDA:906,161,1,0
BRDA:923,162,0,4
BRDA:923,162,1,4
BRDA:923,163,0,4
BRDA:923,163,1,2
BRDA:926,164,0,0
BRDA:926,164,1,1
BRDA:927,165,0,1
BRDA:927,165,1,0
BRDA:927,166,0,1
BRDA:927,166,1,1
BRDA:931,167,0,0
BRDA:931,167,1,0
BRDA:935,168,0,0
BRDA:935,168,1,0
BRDA:951,169,0,38
BRDA:951,169,1,11
BRDA:953,170,0,37
BRDA:953,170,1,1
BRDA:971,171,0,0
BRDA:971,171,1,2
BRDA:981,172,0,9
BRDA:981,172,1,8
BRDA:983,173,0,8
BRDA:983,173,1,1
BRDA:999,174,0,5
BRDA:999,174,1,5
BRDA:1016,175,0,3
BRDA:1016,175,1,3
BRDA:1022,176,0,1
BRDA:1022,176,1,2
BRDA:1022,177,0,3
BRDA:1022,177,1,1
BRDA:1027,178,0,0
BRDA:1027,178,1,2
BRDA:1027,179,0,2
BRDA:1027,179,1,0
BRDA:1032,180,0,1
BRDA:1032,180,1,1
BRDA:1032,181,0,2
BRDA:1032,181,1,2
BRDA:1034,182,0,1
BRDA:1034,182,1,0
BRDA:1042,183,0,1
BRDA:1042,183,1,0
BRDA:1042,184,0,1
BRDA:1042,184,1,1
BRDA:1042,184,2,1
BRDA:1042,184,3,1
BRDA:1045,185,0,1
BRDA:1045,185,1,1
BRDA:1048,186,0,1
BRDA:1048,186,1,0
BRDA:1066,187,0,2
BRDA:1066,187,1,1
BRDA:1071,188,0,1
BRDA:1071,188,1,0
BRDA:1076,189,0,0
BRDA:1076,189,1,0
BRDA:1089,190,0,2
BRDA:1089,190,1,6
BRDA:1094,191,0,6
BRDA:1094,191,1,0
BRDA:1104,192,0,0
BRDA:1104,192,1,3
BRDA:1109,193,0,3
BRDA:1109,193,1,0
BRDA:1115,194,0,0
BRDA:1115,194,1,0
BRDA:1124,195,0,1
BRDA:1124,195,1,0
BRDA:1125,196,0,1
BRDA:1125,196,1,0
BRDA:1127,197,0,0
BRDA:1127,197,1,0
BRDA:1135,198,0,0
BRDA:1135,198,1,0
BRDA:1137,199,0,0
BRDA:1137,199,1,0
BRDA:1148,200,0,0
BRDA:1148,200,1,4
BRDA:1148,201,0,4
BRDA:1148,201,1,4
BRDA:1158,202,0,1
BRDA:1158,202,1,0
BRDA:1162,203,0,6
BRDA:1162,203,1,6
BRDA:1163,204,0,2
BRDA:1163,204,1,3
BRDA:1164,205,0,4
BRDA:1164,205,1,1
BRDA:1178,206,0,1
BRDA:1178,206,1,2
BRDA:1182,207,0,5
BRDA:1182,207,1,5
BRDA:1183,208,0,1
BRDA:1183,208,1,3
BRDA:1184,209,0,3
BRDA:1184,209,1,1
BRDA:1217,210,0,545
BRDA:1217,210,1,218
BRDA:1242,211,0,2
BRDA:1242,211,1,5
BRDA:1245,212,0,5
BRDA:1245,212,1,0
BRDA:1256,213,0,1
BRDA:1256,213,1,1
BRDA:1259,214,0,1
BRDA:1259,214,1,0
BRDA:1269,215,0,0
BRDA:1269,215,1,1
BRDA:1270,216,0,0
BRDA:1270,216,1,1
BRDA:1279,217,0,0
BRDA:1279,217,1,0
BRDA:1300,218,0,0
BRDA:1300,218,1,0
BRDA:1316,219,0,0
BRDA:1316,219,1,0
BRDA:1322,220,0,0
BRDA:1322,220,1,411
BRDA:1325,221,0,8
BRDA:1325,221,1,403
BRDA:1328,222,0,8
BRDA:1328,222,1,0
BRDA:1330,223,0,1
BRDA:1330,223,1,7
BRDA:1336,224,0,49
BRDA:1336,224,1,683
BRDA:1344,225,0,361
BRDA:1344,225,1,50
BRDA:1351,226,0,0
BRDA:1351,226,1,50
BRF:473
BRH:365
end_of_record
TN:
SF:/Users/yangxiaomei/Projects/Studiosity/guppy/src/guppy.js
FN:19,(anonymous_0)
FN:48,(anonymous_1)
FN:58,(anonymous_2)
FN:76,(anonymous_3)
FN:80,(anonymous_4)
FN:81,(anonymous_5)
FN:82,(anonymous_6)
FN:83,(anonymous_7)
FN:100,(anonymous_8)
FN:122,(anonymous_9)
FN:135,(anonymous_10)
FN:140,(anonymous_11)
FN:144,(anonymous_12)
FN:227,(anonymous_13)
FN:247,(anonymous_14)
FN:256,(anonymous_15)
FN:283,(anonymous_16)
FN:306,(anonymous_17)
FN:322,(anonymous_18)
FN:339,(anonymous_19)
FN:345,(anonymous_20)
FN:370,(anonymous_21)
FN:375,(anonymous_22)
FN:389,(anonymous_23)
FN:394,(anonymous_24)
FN:402,(anonymous_25)
FN:415,(anonymous_26)
FN:449,(anonymous_27)
FN:518,(anonymous_28)
FN:524,(anonymous_29)
FN:556,(anonymous_30)
FN:571,(anonymous_31)
FN:613,(anonymous_32)
FN:636,(anonymous_33)
FN:659,(anonymous_34)
FN:687,(anonymous_35)
FN:705,(anonymous_36)
FN:713,(anonymous_37)
FN:721,(anonymous_38)
FN:730,(anonymous_39)
FN:738,(anonymous_40)
FN:747,(anonymous_41)
FN:755,(anonymous_42)
FN:780,(anonymous_43)
FN:799,(anonymous_44)
FN:813,(anonymous_45)
FN:821,(anonymous_46)
FN:830,(anonymous_47)
FN:842,(anonymous_48)
FN:853,(anonymous_49)
FN:862,(anonymous_50)
FN:870,(anonymous_51)
FN:889,(anonymous_52)
FN:916,(anonymous_53)
FN:927,(anonymous_54)
FN:927,(anonymous_55)
FN:940,(anonymous_56)
FN:940,(anonymous_57)
FN:959,(anonymous_58)
FN:959,(anonymous_59)
FN:976,(anonymous_60)
FN:976,(anonymous_61)
FN:987,(anonymous_62)
FN:996,(anonymous_63)
FNF:64
FNH:46
FNDA:120,(anonymous_0)
FNDA:33,(anonymous_1)
FNDA:100,(anonymous_2)
FNDA:0,(anonymous_3)
FNDA:3,(anonymous_4)
FNDA:3,(anonymous_5)
FNDA:3,(anonymous_6)
FNDA:0,(anonymous_7)
FNDA:0,(anonymous_8)
FNDA:0,(anonymous_9)
FNDA:474,(anonymous_10)
FNDA:300,(anonymous_11)
FNDA:9,(anonymous_12)
FNDA:2,(anonymous_13)
FNDA:0,(anonymous_14)
FNDA:1,(anonymous_15)
FNDA:0,(anonymous_16)
FNDA:0,(anonymous_17)
FNDA:0,(anonymous_18)
FNDA:0,(anonymous_19)
FNDA:0,(anonymous_20)
FNDA:6,(anonymous_21)
FNDA:0,(anonymous_22)
FNDA:0,(anonymous_23)
FNDA:0,(anonymous_24)
FNDA:1,(anonymous_25)
FNDA:1066,(anonymous_26)
FNDA:9,(anonymous_27)
FNDA:17,(anonymous_28)
FNDA:0,(anonymous_29)
FNDA:0,(anonymous_30)
FNDA:8,(anonymous_31)
FNDA:1,(anonymous_32)
FNDA:3,(anonymous_33)
FNDA:1328,(anonymous_34)
FNDA:1433,(anonymous_35)
FNDA:1,(anonymous_36)
FNDA:1,(anonymous_37)
FNDA:1,(anonymous_38)
FNDA:1,(anonymous_39)
FNDA:1,(anonymous_40)
FNDA:1,(anonymous_41)
FNDA:0,(anonymous_42)
FNDA:4,(anonymous_43)
FNDA:1,(anonymous_44)
FNDA:1,(anonymous_45)
FNDA:1,(anonymous_46)
FNDA:8,(anonymous_47)
FNDA:2,(anonymous_48)
FNDA:104,(anonymous_49)
FNDA:4,(anonymous_50)
FNDA:312,(anonymous_51)
FNDA:474,(anonymous_52)
FNDA:1,(anonymous_53)
FNDA:66,(anonymous_54)
FNDA:413,(anonymous_55)
FNDA:17,(anonymous_56)
FNDA:45,(anonymous_57)
FNDA:37,(anonymous_58)
FNDA:135,(anonymous_59)
FNDA:7,(anonymous_60)
FNDA:0,(anonymous_61)
FNDA:0,(anonymous_62)
FNDA:1,(anonymous_63)
DA:19,1
DA:21,120
DA:23,120
DA:24,120
DA:25,120
DA:26,20
DA:28,100
DA:31,100
DA:33,100
DA:34,100
DA:35,100
DA:37,100
DA:39,100
DA:40,100
DA:41,100
DA:44,100
DA:45,100
DA:46,100
DA:47,100
DA:48,100
DA:49,100
DA:50,0
DA:52,100
DA:53,100
DA:54,100
DA:55,100
DA:58,1
DA:59,100
DA:60,100
DA:61,100
DA:64,100
DA:65,0
DA:66,0
DA:69,100
DA:70,100
DA:71,100
DA:73,100
DA:74,100
DA:75,400
DA:76,0
DA:77,0
DA:78,0
DA:80,400
DA:81,300
DA:82,200
DA:83,100
DA:88,1
DA:89,1
DA:90,1
DA:91,1
DA:92,1
DA:93,1
DA:95,1
DA:96,1
DA:97,1
DA:98,1
DA:99,1
DA:100,1
DA:101,0
DA:102,0
DA:103,0
DA:104,0
DA:105,0
DA:106,0
DA:107,0
DA:108,0
DA:110,0
DA:111,0
DA:112,0
DA:113,0
DA:114,0
DA:116,0
DA:117,0
DA:118,0
DA:122,1
DA:123,0
DA:124,0
DA:125,0
DA:126,0
DA:127,0
DA:128,0
DA:129,0
DA:130,0
DA:131,0
DA:132,0
DA:135,1
DA:136,474
DA:137,474
DA:140,1
DA:141,300
DA:142,300
DA:143,300
DA:144,300
DA:145,9
DA:146,9
DA:147,9
DA:148,9
DA:149,9
DA:151,300
DA:152,300
DA:153,300
DA:155,300
DA:227,1
DA:228,2
DA:229,2
DA:231,2
DA:232,2
DA:233,161
DA:247,1
DA:248,0
DA:256,1
DA:257,1
DA:258,1
DA:259,1
DA:260,58
DA:261,58
DA:283,1
DA:284,0
DA:285,0
DA:287,0
DA:306,1
DA:307,0
DA:308,0
DA:310,0
DA:311,0
DA:312,0
DA:322,1
DA:323,0
DA:324,0
DA:339,1
DA:340,0
DA:341,0
DA:343,0
DA:344,0
DA:345,0
DA:346,0
DA:347,0
DA:348,0
DA:349,0
DA:353,0
DA:370,1
DA:371,6
DA:372,0
DA:374,6
DA:375,0
DA:376,0
DA:377,0
DA:378,0
DA:382,6
DA:389,1
DA:390,0
DA:391,0
DA:392,0
DA:393,0
DA:394,0
DA:395,0
DA:396,0
DA:397,0
DA:402,1
DA:403,1
DA:404,1
DA:405,1
DA:406,1
DA:407,1
DA:408,0
DA:410,1
DA:411,1
DA:412,1
DA:415,1
DA:416,1066
DA:417,1066
DA:418,1066
DA:419,1066
DA:420,1066
DA:425,1066
DA:426,1066
DA:427,2794
DA:428,2794
DA:429,2794
DA:430,2794
DA:431,2794
DA:432,2794
DA:433,11656
DA:434,2794
DA:442,2794
DA:446,1066
DA:449,1
DA:450,9
DA:451,9
DA:452,9
DA:453,9
DA:454,9
DA:455,9
DA:456,9
DA:458,9
DA:459,9
DA:460,9
DA:461,3
DA:462,3
DA:465,9
DA:466,9
DA:467,9
DA:468,3
DA:469,3
DA:470,3
DA:471,21
DA:472,18
DA:473,18
DA:474,18
DA:475,9
DA:478,3
DA:480,9
DA:481,9
DA:482,44
DA:483,44
DA:484,6
DA:485,6
DA:487,38
DA:488,38
DA:489,38
DA:490,38
DA:491,15
DA:492,15
DA:493,15
DA:496,9
DA:497,9
DA:498,9
DA:499,9
DA:500,9
DA:502,9
DA:503,6
DA:505,9
DA:506,9
DA:507,3
DA:508,3
DA:509,2
DA:510,1
DA:511,1
DA:512,3
DA:513,1
DA:515,9
DA:518,1
DA:519,17
DA:520,17
DA:521,17
DA:524,1
DA:525,0
DA:526,0
DA:527,0
DA:528,0
DA:529,0
DA:530,0
DA:531,0
DA:532,0
DA:533,0
DA:534,0
DA:536,0
DA:537,0
DA:538,0
DA:539,0
DA:540,0
DA:541,0
DA:542,0
DA:543,0
DA:544,0
DA:545,0
DA:547,0
DA:549,0
DA:550,0
DA:552,0
DA:556,1
DA:557,0
DA:558,0
DA:559,0
DA:560,0
DA:561,0
DA:562,0
DA:563,0
DA:564,0
DA:565,0
DA:567,0
DA:571,1
DA:572,8
DA:573,8
DA:574,8
DA:575,8
DA:576,8
DA:577,8
DA:578,8
DA:579,8
DA:580,8
DA:581,280
DA:582,8
DA:584,8
DA:585,8
DA:586,8
DA:587,8
DA:588,8
DA:589,3
DA:592,5
DA:593,5
DA:594,5
DA:595,5
DA:596,5
DA:598,8
DA:600,8
DA:602,0
DA:603,0
DA:605,0
DA:607,0
DA:608,0
DA:609,0
DA:613,1
DA:614,1
DA:615,1
DA:616,1
DA:617,1
DA:618,1
DA:619,1
DA:620,0
DA:623,1
DA:624,1
DA:625,1
DA:627,1
DA:630,0
DA:631,0
DA:632,0
DA:636,1
DA:637,3
DA:638,3
DA:639,3
DA:640,0
DA:641,0
DA:643,3
DA:644,0
DA:645,0
DA:647,3
DA:648,3
DA:649,3
DA:653,1
DA:654,1
DA:655,1
DA:656,1
DA:657,1
DA:659,1
DA:661,1328
DA:662,1328
DA:663,1328
DA:664,1328
DA:665,1328
DA:666,1328
DA:667,1328
DA:668,1328
DA:669,1328
DA:670,1328
DA:671,1328
DA:672,1328
DA:675,0
DA:677,0
DA:687,1
DA:688,1433
DA:689,105
DA:690,105
DA:691,105
DA:693,1328
DA:694,1328
DA:695,1328
DA:696,1328
DA:697,966
DA:705,1
DA:706,1
DA:713,1
DA:714,1
DA:721,1
DA:722,1
DA:730,1
DA:731,1
DA:738,1
DA:739,1
DA:747,1
DA:748,1
DA:755,1
DA:756,0
DA:780,1
DA:781,4
DA:782,4
DA:783,4
DA:784,4
DA:799,1
DA:800,1
DA:813,1
DA:814,1
DA:821,1
DA:822,1
DA:830,1
DA:831,8
DA:842,1
DA:843,2
DA:853,1
DA:854,104
DA:862,1
DA:863,4
DA:870,1
DA:871,312
DA:872,312
DA:873,312
DA:874,312
DA:875,312
DA:876,312
DA:877,312
DA:878,102
DA:880,312
DA:881,0
DA:889,1
DA:890,474
DA:891,474
DA:892,474
DA:893,474
DA:894,474
DA:895,102
DA:897,372
DA:898,100
DA:900,474
DA:901,474
DA:902,474
DA:903,474
DA:904,474
DA:905,474
DA:906,202
DA:907,202
DA:914,1
DA:916,1
DA:917,1
DA:920,1
DA:921,76
DA:922,76
DA:923,16
DA:924,18
DA:926,1
DA:927,66
DA:928,413
DA:929,413
DA:930,413
DA:931,0
DA:934,413
DA:936,413
DA:937,413
DA:939,1
DA:940,17
DA:941,45
DA:942,45
DA:947,45
DA:948,0
DA:951,45
DA:953,45
DA:955,45
DA:956,45
DA:958,1
DA:959,37
DA:960,135
DA:962,135
DA:963,0
DA:966,135
DA:967,135
DA:968,135
DA:970,135
DA:972,135
DA:974,1
DA:975,21
DA:976,7
DA:977,0
DA:978,0
DA:979,0
DA:980,0
DA:982,0
DA:983,0
DA:987,1
DA:988,0
DA:989,0
DA:990,0
DA:994,1
DA:996,1
DA:997,1
DA:998,1
DA:999,1
DA:1000,1
DA:1001,1
DA:1002,1
LF:488
LH:357
BRDA:21,0,0,1
BRDA:21,0,1,119
BRDA:23,1,0,120
BRDA:23,1,1,0
BRDA:25,2,0,20
BRDA:25,2,1,100
BRDA:33,3,0,100
BRDA:33,3,1,1
BRDA:49,4,0,0
BRDA:49,4,1,100
BRDA:61,5,0,0
BRDA:61,5,1,100
BRDA:61,6,0,100
BRDA:61,6,1,100
BRDA:64,7,0,0
BRDA:64,7,1,100
BRDA:73,8,0,100
BRDA:73,8,1,0
BRDA:75,9,0,0
BRDA:75,9,1,400
BRDA:75,10,0,400
BRDA:75,10,1,100
BRDA:77,11,0,0
BRDA:77,11,1,0
BRDA:80,12,0,100
BRDA:80,12,1,300
BRDA:81,13,0,100
BRDA:81,13,1,200
BRDA:82,14,0,100
BRDA:82,14,1,100
BRDA:83,15,0,0
BRDA:83,15,1,100
BRDA:102,16,0,0
BRDA:102,16,1,0
BRDA:103,17,0,0
BRDA:103,17,1,0
BRDA:116,18,0,0
BRDA:116,18,1,0
BRDA:124,19,0,0
BRDA:124,19,1,0
BRDA:132,20,0,0
BRDA:132,20,1,0
BRDA:146,21,0,9
BRDA:146,21,1,0
BRDA:147,22,0,9
BRDA:147,22,1,0
BRDA:151,23,0,300
BRDA:151,23,1,0
BRDA:228,24,0,2
BRDA:228,24,1,0
BRDA:257,25,0,1
BRDA:257,25,1,0
BRDA:260,26,0,58
BRDA:260,26,1,0
BRDA:284,27,0,0
BRDA:284,27,1,0
BRDA:284,28,0,0
BRDA:284,28,1,0
BRDA:307,29,0,0
BRDA:307,29,1,0
BRDA:307,30,0,0
BRDA:307,30,1,0
BRDA:311,31,0,0
BRDA:311,31,1,0
BRDA:323,32,0,0
BRDA:323,32,1,0
BRDA:340,33,0,0
BRDA:340,33,1,0
BRDA:343,34,0,0
BRDA:343,34,1,0
BRDA:343,35,0,0
BRDA:343,35,1,0
BRDA:348,36,0,0
BRDA:348,36,1,0
BRDA:371,37,0,0
BRDA:371,37,1,6
BRDA:374,38,0,0
BRDA:374,38,1,6
BRDA:374,39,0,6
BRDA:374,39,1,1
BRDA:377,40,0,0
BRDA:377,40,1,0
BRDA:392,41,0,0
BRDA:392,41,1,0
BRDA:395,42,0,0
BRDA:395,42,1,0
BRDA:396,43,0,0
BRDA:396,43,1,0
BRDA:404,44,0,0
BRDA:404,44,1,1
BRDA:407,45,0,0
BRDA:407,45,1,1
BRDA:408,46,0,0
BRDA:408,46,1,0
BRDA:408,46,2,0
BRDA:408,46,3,0
BRDA:418,47,0,0
BRDA:418,47,1,1066
BRDA:428,48,0,0
BRDA:428,48,1,2794
BRDA:430,49,0,0
BRDA:430,49,1,2794
BRDA:430,50,0,2794
BRDA:430,50,1,0
BRDA:430,50,2,0
BRDA:430,50,3,0
BRDA:433,51,0,2794
BRDA:433,51,1,8862
BRDA:459,52,0,0
BRDA:459,52,1,9
BRDA:460,53,0,3
BRDA:460,53,1,6
BRDA:466,54,0,0
BRDA:466,54,1,9
BRDA:467,55,0,3
BRDA:467,55,1,6
BRDA:471,56,0,3
BRDA:471,56,1,18
BRDA:474,57,0,9
BRDA:474,57,1,9
BRDA:480,58,0,0
BRDA:480,58,1,9
BRDA:483,59,0,6
BRDA:483,59,1,38
BRDA:484,60,0,6
BRDA:484,60,1,0
BRDA:490,61,0,15
BRDA:490,61,1,23
BRDA:490,62,0,38
BRDA:490,62,1,29
BRDA:502,63,0,6
BRDA:502,63,1,3
BRDA:502,64,0,9
BRDA:502,64,1,6
BRDA:506,65,0,3
BRDA:506,65,1,6
BRDA:506,66,0,9
BRDA:506,66,1,3
BRDA:508,67,0,1
BRDA:508,67,1,2
BRDA:509,68,0,1
BRDA:509,68,1,1
BRDA:510,69,0,0
BRDA:510,69,1,1
BRDA:511,70,0,0
BRDA:511,70,1,1
BRDA:512,71,0,2
BRDA:512,71,1,1
BRDA:521,72,0,17
BRDA:521,72,1,0
BRDA:529,73,0,0
BRDA:529,73,1,0
BRDA:533,74,0,0
BRDA:533,74,1,0
BRDA:539,75,0,0
BRDA:539,75,1,0
BRDA:541,76,0,0
BRDA:541,76,1,0
BRDA:549,77,0,0
BRDA:549,77,1,0
BRDA:549,78,0,0
BRDA:549,78,1,0
BRDA:559,79,0,0
BRDA:559,79,1,0
BRDA:563,80,0,0
BRDA:563,80,1,0
BRDA:572,81,0,0
BRDA:572,81,1,8
BRDA:577,82,0,8
BRDA:577,82,1,0
BRDA:581,83,0,272
BRDA:581,83,1,8
BRDA:587,84,0,8
BRDA:587,84,1,0
BRDA:588,85,0,3
BRDA:588,85,1,5
BRDA:593,86,0,0
BRDA:593,86,1,5
BRDA:602,87,0,0
BRDA:602,87,1,0
BRDA:602,88,0,0
BRDA:602,88,1,0
BRDA:615,89,0,0
BRDA:615,89,1,1
BRDA:616,90,0,1
BRDA:616,90,1,0
BRDA:619,91,0,0
BRDA:619,91,1,1
BRDA:619,92,0,1
BRDA:619,92,1,1
BRDA:619,92,2,1
BRDA:619,92,3,1
BRDA:624,93,0,0
BRDA:624,93,1,1
BRDA:631,94,0,0
BRDA:631,94,1,0
BRDA:631,95,0,0
BRDA:631,95,1,0
BRDA:639,96,0,0
BRDA:639,96,1,3
BRDA:643,97,0,0
BRDA:643,97,1,3
BRDA:648,98,0,0
BRDA:648,98,1,3
BRDA:662,99,0,1328
BRDA:662,99,1,0
BRDA:668,100,0,5
BRDA:668,100,1,1323
BRDA:688,101,0,105
BRDA:688,101,1,1328
BRDA:688,102,0,1433
BRDA:688,102,1,202
BRDA:690,103,0,105
BRDA:690,103,1,0
BRDA:695,104,0,1328
BRDA:695,104,1,0
BRDA:696,105,0,966
BRDA:696,105,1,362
BRDA:877,106,0,102
BRDA:877,106,1,210
BRDA:880,107,0,0
BRDA:880,107,1,312
BRDA:894,108,0,102
BRDA:894,108,1,372
BRDA:897,109,0,100
BRDA:897,109,1,272
BRDA:905,110,0,202
BRDA:905,110,1,272
BRDA:922,111,0,16
BRDA:922,111,1,60
BRDA:928,112,0,0
BRDA:928,112,1,413
BRDA:930,113,0,0
BRDA:930,113,1,413
BRDA:930,114,0,413
BRDA:930,114,1,0
BRDA:941,115,0,0
BRDA:941,115,1,45
BRDA:947,116,0,0
BRDA:947,116,1,45
BRDA:948,117,0,0
BRDA:948,117,1,0
BRDA:960,118,0,0
BRDA:960,118,1,135
BRDA:962,119,0,0
BRDA:962,119,1,135
BRDA:962,120,0,135
BRDA:962,120,1,0
BRDA:975,121,0,7
BRDA:975,121,1,14
BRDA:975,122,0,21
BRDA:975,122,1,19
BRDA:975,122,2,11
BRDA:977,123,0,0
BRDA:977,123,1,0
BRDA:979,124,0,0
BRDA:979,124,1,0
BRDA:988,125,0,0
BRDA:988,125,1,0
BRDA:996,126,0,1
BRDA:997,127,0,0
BRDA:997,127,1,1
BRF:262
BRH:132
end_of_record
TN:
SF:/Users/yangxiaomei/Projects/Studiosity/guppy/src/keyboard.js
FN:1,(anonymous_0)
FNF:1
FNH:1
FNDA:2,(anonymous_0)
DA:1,1
DA:2,2
DA:7,2
DA:13,2
DA:36,2
DA:77,2
DA:79,2
DA:81,2
DA:85,2
DA:86,52
DA:87,52
DA:92,2
DA:93,20
LF:13
LH:13
BRF:0
BRH:0
end_of_record
TN:
SF:/Users/yangxiaomei/Projects/Studiosity/guppy/src/parser.js
FN:1,(anonymous_0)
FN:7,(anonymous_1)
FN:8,(anonymous_2)
FN:11,(anonymous_3)
FN:13,(anonymous_4)
FN:30,(anonymous_5)
FN:72,(anonymous_6)
FN:85,(anonymous_7)
FN:87,(anonymous_8)
FN:93,(anonymous_9)
FN:95,(anonymous_10)
FN:106,(anonymous_11)
FN:110,(anonymous_12)
FN:114,(anonymous_13)
FN:118,(anonymous_14)
FN:122,(anonymous_15)
FN:137,(anonymous_16)
FN:138,(anonymous_17)
FN:139,(anonymous_18)
FN:141,(anonymous_19)
FN:143,(anonymous_20)
FN:148,(anonymous_21)
FN:152,(anonymous_22)
FN:161,(anonymous_23)
FN:196,(anonymous_24)
FN:200,(anonymous_25)
FN:201,(anonymous_26)
FN:202,(anonymous_27)
FN:203,(anonymous_28)
FN:207,(anonymous_29)
FN:211,(anonymous_30)
FN:212,(anonymous_31)
FN:213,(anonymous_32)
FN:214,(anonymous_33)
FN:215,(anonymous_34)
FN:221,(anonymous_35)
FN:243,(anonymous_36)
FN:247,(anonymous_37)
FN:248,(anonymous_38)
FN:249,(anonymous_39)
FN:250,(anonymous_40)
FN:251,(anonymous_41)
FN:256,(anonymous_42)
FNF:43
FNH:32
FNDA:3,(anonymous_0)
FNDA:0,(anonymous_1)
FNDA:0,(anonymous_2)
FNDA:17,(anonymous_3)
FNDA:80,(anonymous_4)
FNDA:505,(anonymous_5)
FNDA:238,(anonymous_6)
FNDA:42,(anonymous_7)
FNDA:55,(anonymous_8)
FNDA:3,(anonymous_9)
FNDA:8,(anonymous_10)
FNDA:0,(anonymous_11)
FNDA:47,(anonymous_12)
FNDA:86,(anonymous_13)
FNDA:2,(anonymous_14)
FNDA:87,(anonymous_15)
FNDA:1,(anonymous_16)
FNDA:1,(anonymous_17)
FNDA:1,(anonymous_18)
FNDA:3,(anonymous_19)
FNDA:0,(anonymous_20)
FNDA:13,(anonymous_21)
FNDA:153,(anonymous_22)
FNDA:229,(anonymous_23)
FNDA:63,(anonymous_24)
FNDA:0,(anonymous_25)
FNDA:31,(anonymous_26)
FNDA:79,(anonymous_27)
FNDA:0,(anonymous_28)
FNDA:19,(anonymous_29)
FNDA:0,(anonymous_30)
FNDA:43,(anonymous_31)
FNDA:15,(anonymous_32)
FNDA:0,(anonymous_33)
FNDA:0,(anonymous_34)
FNDA:15,(anonymous_35)
FNDA:4,(anonymous_36)
FNDA:0,(anonymous_37)
FNDA:17,(anonymous_38)
FNDA:2,(anonymous_39)
FNDA:5,(anonymous_40)
FNDA:0,(anonymous_41)
FNDA:7,(anonymous_42)
DA:1,1
DA:2,3
DA:3,3
DA:4,3
DA:6,3
DA:7,0
DA:8,0
DA:11,17
DA:13,3
DA:14,80
DA:15,80
DA:16,80
DA:17,8
DA:18,2
DA:21,72
DA:22,72
DA:23,72
DA:24,72
DA:25,72
DA:27,80
DA:30,3
DA:32,505
DA:33,0
DA:35,505
DA:36,151
DA:37,151
DA:39,354
DA:40,354
DA:41,354
DA:42,354
DA:43,354
DA:44,354
DA:45,109
DA:46,245
DA:47,110
DA:48,110
DA:49,0
DA:51,135
DA:52,2
DA:53,2
DA:54,2
DA:55,133
DA:56,86
DA:57,86
DA:58,47
DA:59,47
DA:60,47
DA:61,47
DA:63,0
DA:65,354
DA:66,354
DA:67,354
DA:68,354
DA:69,354
DA:72,3
DA:74,238
DA:75,238
DA:76,238
DA:77,238
DA:78,75
DA:79,75
DA:80,75
DA:82,238
DA:85,3
DA:86,42
DA:87,42
DA:88,55
DA:90,42
DA:93,3
DA:94,3
DA:95,3
DA:96,8
DA:97,8
DA:99,3
DA:102,3
DA:103,3
DA:105,3
DA:106,3
DA:108,3
DA:109,3
DA:110,47
DA:112,3
DA:113,3
DA:114,86
DA:116,3
DA:117,3
DA:118,3
DA:120,3
DA:121,3
DA:122,87
DA:124,3
DA:125,3
DA:127,3
DA:128,3
DA:129,3
DA:130,3
DA:131,3
DA:132,3
DA:133,3
DA:134,3
DA:135,3
DA:136,3
DA:137,3
DA:138,3
DA:139,3
DA:140,3
DA:141,3
DA:142,3
DA:143,3
DA:144,3
DA:145,3
DA:146,3
DA:148,3
DA:149,13
DA:152,3
DA:153,153
DA:154,153
DA:155,153
DA:156,152
DA:157,152
DA:161,1
DA:162,229
DA:163,229
DA:164,278
DA:165,278
DA:166,768
DA:167,768
DA:168,768
DA:169,768
DA:170,278
DA:171,278
DA:172,278
DA:173,278
DA:174,278
DA:177,278
DA:178,0
DA:179,0
DA:180,0
DA:181,0
DA:182,0
DA:184,0
DA:185,0
DA:188,0
DA:192,229
DA:195,1
DA:197,63
DA:198,63
DA:200,0
DA:201,31
DA:202,79
DA:203,0
DA:206,1
DA:208,19
DA:209,19
DA:211,0
DA:212,43
DA:213,15
DA:214,0
DA:215,0
DA:219,1
DA:220,1
DA:221,1
DA:222,15
DA:223,9
DA:224,9
DA:225,9
DA:226,7
DA:227,10
DA:228,10
DA:229,7
DA:231,3
DA:234,9
DA:235,9
DA:238,6
DA:242,1
DA:244,4
DA:245,4
DA:247,0
DA:248,17
DA:249,2
DA:250,5
DA:251,0
DA:254,1
DA:255,1
DA:256,1
DA:257,7
DA:259,7
DA:260,8
DA:261,8
DA:262,8
DA:263,8
DA:266,7
DA:267,2
LF:193
LH:173
BRDA:15,0,0,80
BRDA:15,0,1,21
BRDA:16,1,0,8
BRDA:16,1,1,72
BRDA:17,2,0,2
BRDA:17,2,1,6
BRDA:32,3,0,0
BRDA:32,3,1,505
BRDA:32,4,0,505
BRDA:32,4,1,23
BRDA:35,5,0,151
BRDA:35,5,1,354
BRDA:44,6,0,109
BRDA:44,6,1,245
BRDA:46,7,0,110
BRDA:46,7,1,135
BRDA:48,8,0,0
BRDA:48,8,1,110
BRDA:51,9,0,2
BRDA:51,9,1,133
BRDA:55,10,0,86
BRDA:55,10,1,47
BRDA:58,11,0,47
BRDA:58,11,1,0
BRDA:68,12,0,49
BRDA:68,12,1,305
BRDA:87,13,0,42
BRDA:87,13,1,30
BRDA:95,14,0,3
BRDA:95,14,1,3
BRDA:96,15,0,8
BRDA:96,15,1,0
BRDA:110,16,0,47
BRDA:110,16,1,0
BRDA:155,17,0,1
BRDA:155,17,1,152
BRDA:169,18,0,278
BRDA:169,18,1,490
BRDA:173,19,0,278
BRDA:173,19,1,0
BRDA:177,20,0,0
BRDA:177,20,1,278
BRDA:178,21,0,0
BRDA:178,21,1,0
BRDA:197,22,0,0
BRDA:197,22,1,63
BRDA:208,23,0,0
BRDA:208,23,1,19
BRDA:222,24,0,9
BRDA:222,24,1,6
BRDA:225,25,0,7
BRDA:225,25,1,2
BRDA:228,26,0,7
BRDA:228,26,1,3
BRDA:244,27,0,0
BRDA:244,27,1,4
BRDA:261,28,0,8
BRDA:261,28,1,0
BRDA:266,29,0,5
BRDA:266,29,1,2
BRF:60
BRH:47
end_of_record
TN:
SF:/Users/yangxiaomei/Projects/Studiosity/guppy/src/settings.js
FN:47,(anonymous_0)
FN:54,(anonymous_1)
FN:59,(anonymous_2)
FN:63,(anonymous_3)
FN:68,(anonymous_4)
FN:84,(anonymous_5)
FN:93,(anonymous_6)
FN:94,(anonymous_7)
FN:114,(anonymous_8)
FNF:9
FNH:8
FNDA:87,(anonymous_0)
FNDA:3,(anonymous_1)
FNDA:9,(anonymous_2)
FNDA:483,(anonymous_3)
FNDA:9,(anonymous_4)
FNDA:9,(anonymous_5)
FNDA:6,(anonymous_6)
FNDA:0,(anonymous_7)
FNDA:1,(anonymous_8)
DA:4,1
DA:5,1
DA:6,1
DA:7,1
DA:8,1
DA:18,1
DA:23,1
DA:24,1
DA:25,1
DA:26,1
DA:27,1
DA:31,1
DA:32,1
DA:33,1
DA:34,1
DA:38,1
DA:39,1
DA:40,1
DA:41,1
DA:45,1
DA:47,1
DA:48,87
DA:49,87
DA:50,87
DA:51,87
DA:54,1
DA:55,3
DA:56,3
DA:57,3
DA:58,3
DA:59,9
DA:60,3
DA:63,1
DA:64,483
DA:65,1449
DA:68,1
DA:69,9
DA:70,9
DA:71,9
DA:72,6
DA:73,6
DA:74,6
DA:75,6
DA:76,6
DA:79,3
DA:84,1
DA:85,9
DA:86,3
DA:87,3
DA:88,6
DA:89,6
DA:90,6
DA:91,6
DA:92,6
DA:93,6
DA:94,6
DA:95,0
DA:98,6
DA:99,27
DA:100,27
DA:101,27
DA:102,27
DA:104,6
DA:105,6
DA:106,6
DA:107,6
DA:108,6
DA:109,6
DA:114,1
DA:115,1
DA:116,3
DA:117,3
DA:120,1
DA:121,1
DA:122,1
DA:123,1
DA:124,1
DA:125,1
DA:126,1
DA:127,1
DA:128,1
DA:129,1
DA:130,1
DA:134,1
DA:135,76
DA:136,76
DA:137,76
LF:87
LH:86
BRDA:69,0,0,9
BRDA:69,0,1,0
BRDA:71,1,0,6
BRDA:71,1,1,3
BRDA:85,2,0,3
BRDA:85,2,1,6
BRF:6
BRH:5
end_of_record
TN:
SF:/Users/yangxiaomei/Projects/Studiosity/guppy/src/symbols.js
FN:4,(anonymous_0)
FN:9,(anonymous_1)
FN:26,(anonymous_2)
FN:32,(anonymous_3)
FN:67,(anonymous_4)
FN:79,(anonymous_5)
FN:121,(anonymous_6)
FN:133,(anonymous_7)
FNF:8
FNH:7
FNDA:55,(anonymous_0)
FNDA:454,(anonymous_1)
FNDA:45,(anonymous_2)
FNDA:1,(anonymous_3)
FNDA:0,(anonymous_4)
FNDA:342,(anonymous_5)
FNDA:76,(anonymous_6)
FNDA:126,(anonymous_7)
DA:2,1
DA:4,1
DA:5,55
DA:6,55
DA:9,1
DA:10,454
DA:11,454
DA:12,247
DA:13,247
DA:14,355
DA:16,247
DA:19,207
DA:20,399
DA:22,207
DA:26,1
DA:27,45
DA:28,1268
DA:32,1
DA:33,1
DA:34,1
DA:35,1
DA:36,1
DA:37,1
DA:38,1
DA:39,1
DA:40,1
DA:41,6
DA:43,1
DA:45,1
DA:46,27
DA:47,4
DA:48,53
DA:49,53
DA:50,53
DA:51,47
DA:52,47
DA:55,6
DA:56,6
DA:58,53
DA:62,23
DA:67,1
DA:68,0
DA:69,0
DA:70,0
DA:71,0
DA:79,1
DA:80,342
DA:81,342
DA:82,342
DA:83,369
DA:84,369
DA:86,342
DA:87,342
DA:88,369
DA:103,369
DA:104,369
DA:105,369
DA:106,369
DA:107,1401
DA:108,448
DA:109,448
DA:110,1401
DA:111,1401
DA:112,1401
DA:114,369
DA:115,369
DA:116,369
DA:118,342
DA:121,1
DA:122,76
DA:123,76
DA:124,76
DA:125,174
DA:126,125
DA:128,49
DA:130,76
DA:133,1
DA:138,126
DA:139,126
DA:140,252
DA:142,126
DA:143,27
DA:144,27
DA:148,126
DA:152,126
DA:153,266
DA:154,266
DA:156,266
DA:157,266
DA:158,906
DA:159,586
DA:162,320
DA:163,320
DA:164,320
DA:165,320
DA:166,320
DA:167,320
DA:168,320
DA:171,266
DA:174,126
DA:175,142
DA:177,142
DA:178,4
DA:179,4
DA:180,4
DA:181,7
DA:183,138
DA:184,60
DA:185,60
DA:186,60
DA:187,86
DA:188,60
DA:191,78
DA:192,78
DA:193,78
DA:194,78
DA:195,78
DA:196,78
DA:197,30
DA:198,30
DA:199,30
DA:200,30
DA:202,78
DA:204,142
DA:205,142
DA:206,123
DA:207,382
DA:211,126
LF:128
LH:124
BRDA:11,0,0,247
BRDA:11,0,1,207
BRDA:28,1,0,45
BRDA:28,1,1,1223
BRDA:37,2,0,0
BRDA:37,2,1,1
BRDA:37,3,0,1
BRDA:37,3,1,1
BRDA:39,4,0,1
BRDA:39,4,1,0
BRDA:46,5,0,4
BRDA:46,5,1,23
BRDA:50,6,0,47
BRDA:50,6,1,6
BRDA:69,7,0,0
BRDA:69,7,1,0
BRDA:70,8,0,0
BRDA:70,8,1,0
BRDA:71,9,0,0
BRDA:71,9,1,0
BRDA:86,10,0,237
BRDA:86,10,1,105
BRDA:106,11,0,1770
BRDA:106,11,1,1401
BRDA:107,12,0,448
BRDA:107,12,1,953
BRDA:108,13,0,79
BRDA:108,13,1,369
BRDA:110,14,0,136
BRDA:110,14,1,1265
BRDA:111,15,0,79
BRDA:111,15,1,1322
BRDA:115,16,0,237
BRDA:115,16,1,132
BRDA:125,17,0,125
BRDA:125,17,1,49
BRDA:142,18,0,27
BRDA:142,18,1,99
BRDA:143,19,0,27
BRDA:143,19,1,0
BRDA:144,20,0,0
BRDA:144,20,1,27
BRDA:158,21,0,586
BRDA:158,21,1,320
BRDA:159,22,0,572
BRDA:159,22,1,14
BRDA:162,23,0,142
BRDA:162,23,1,178
BRDA:165,24,0,38
BRDA:165,24,1,282
BRDA:167,25,0,94
BRDA:167,25,1,226
BRDA:167,26,0,320
BRDA:167,26,1,142
BRDA:177,27,0,4
BRDA:177,27,1,138
BRDA:177,28,0,142
BRDA:177,28,1,64
BRDA:183,29,0,60
BRDA:183,29,1,78
BRDA:204,30,0,94
BRDA:204,30,1,48
BRDA:205,31,0,123
BRDA:205,31,1,19
BRDA:205,32,0,142
BRDA:205,32,1,123
BRF:66
BRH:56
end_of_record
TN:
SF:/Users/yangxiaomei/Projects/Studiosity/guppy/src/utils.js
FN:11,(anonymous_0)
FN:15,(anonymous_1)
FN:20,(anonymous_2)
FN:28,(anonymous_3)
FN:32,(anonymous_4)
FN:39,(anonymous_5)
FN:43,(anonymous_6)
FN:47,(anonymous_7)
FNF:8
FNH:8
FNDA:59,(anonymous_0)
FNDA:59,(anonymous_1)
FNDA:6,(anonymous_2)
FNDA:4282,(anonymous_3)
FNDA:62,(anonymous_4)
FNDA:2,(anonymous_5)
FNDA:1,(anonymous_6)
FNDA:1400,(anonymous_7)
DA:1,1
DA:3,1
DA:4,1
DA:5,1
DA:6,1
DA:7,1
DA:8,1
DA:9,1
DA:11,1
DA:12,59
DA:15,1
DA:16,59
DA:17,54
DA:20,1
DA:21,6
DA:22,6
DA:23,3
DA:24,5
DA:25,3
DA:28,1
DA:29,4282
DA:32,1
DA:33,62
DA:34,186
DA:36,13
DA:39,1
DA:40,2
DA:43,1
DA:44,1
DA:47,1
DA:48,1400
DA:49,1400
DA:50,360
DA:51,89
DA:53,271
DA:54,271
DA:55,1041
DA:57,1311
LF:38
LH:38
BRDA:12,0,0,59
BRDA:12,0,1,59
BRDA:16,1,0,5
BRDA:16,1,1,54
BRDA:16,2,0,59
BRDA:16,2,1,54
BRDA:22,3,0,3
BRDA:22,3,1,3
BRDA:24,4,0,4
BRDA:24,4,1,1
BRDA:24,5,0,5
BRDA:24,5,1,5
BRDA:29,6,0,4282
BRDA:29,6,1,0
BRDA:29,6,2,0
BRDA:34,7,0,49
BRDA:34,7,1,137
BRDA:34,8,0,186
BRDA:34,8,1,142
BRDA:40,9,0,2
BRDA:40,9,1,0
BRDA:44,10,0,1
BRDA:44,10,1,0
BRDA:49,11,0,1671
BRDA:49,11,1,1402
BRDA:50,12,0,89
BRDA:50,12,1,271
BRDA:54,13,0,1312
BRDA:54,13,1,1043
BRF:29
BRH:25
end_of_record
TN:
SF:/Users/yangxiaomei/Projects/Studiosity/guppy/src/version.js
FN:6,(anonymous_0)
FN:10,(anonymous_1)
FNF:2
FNH:0
FNDA:0,(anonymous_0)
FNDA:0,(anonymous_1)
DA:1,1
DA:2,1
DA:3,1
DA:4,1
DA:6,1
DA:7,0
DA:10,1
DA:11,0
LF:8
LH:6
BRF:0
BRH:0
end_of_record
